WARNING: Package(s) not found: manticore
Installing dependencies...
Collecting pysha3==1.0.2
  Using cached pysha3-1.0.2.tar.gz (829 kB)
  Preparing metadata (pyproject.toml): started
  Preparing metadata (pyproject.toml): finished with status 'done'

[notice] A new release of pip is available: 24.3.1 -> 25.0.1
[notice] To update, run: pip install --upgrade pip
ERROR: Exception:
Traceback (most recent call last):
  File "/Users/apple/Downloads/windsurf-dloop/venv/lib/python3.13/site-packages/pip/_internal/cli/base_command.py", line 105, in _run_wrapper
    status = _inner_run()
  File "/Users/apple/Downloads/windsurf-dloop/venv/lib/python3.13/site-packages/pip/_internal/cli/base_command.py", line 96, in _inner_run
    return self.run(options, args)
           ~~~~~~~~^^^^^^^^^^^^^^^
  File "/Users/apple/Downloads/windsurf-dloop/venv/lib/python3.13/site-packages/pip/_internal/cli/req_command.py", line 67, in wrapper
    return func(self, options, args)
  File "/Users/apple/Downloads/windsurf-dloop/venv/lib/python3.13/site-packages/pip/_internal/commands/install.py", line 379, in run
    requirement_set = resolver.resolve(
        reqs, check_supported_wheels=not options.target_dir
    )
  File "/Users/apple/Downloads/windsurf-dloop/venv/lib/python3.13/site-packages/pip/_internal/resolution/resolvelib/resolver.py", line 95, in resolve
    result = self._result = resolver.resolve(
                            ~~~~~~~~~~~~~~~~^
        collected.requirements, max_rounds=limit_how_complex_resolution_can_be
        ^^^^^^^^^^^^^^^^^^^^^^^^^^^^^^^^^^^^^^^^^^^^^^^^^^^^^^^^^^^^^^^^^^^^^^
    )
    ^
  File "/Users/apple/Downloads/windsurf-dloop/venv/lib/python3.13/site-packages/pip/_vendor/resolvelib/resolvers.py", line 546, in resolve
    state = resolution.resolve(requirements, max_rounds=max_rounds)
  File "/Users/apple/Downloads/windsurf-dloop/venv/lib/python3.13/site-packages/pip/_vendor/resolvelib/resolvers.py", line 397, in resolve
    self._add_to_criteria(self.state.criteria, r, parent=None)
    ~~~~~~~~~~~~~~~~~~~~~^^^^^^^^^^^^^^^^^^^^^^^^^^^^^^^^^^^^^
  File "/Users/apple/Downloads/windsurf-dloop/venv/lib/python3.13/site-packages/pip/_vendor/resolvelib/resolvers.py", line 173, in _add_to_criteria
    if not criterion.candidates:
           ^^^^^^^^^^^^^^^^^^^^
  File "/Users/apple/Downloads/windsurf-dloop/venv/lib/python3.13/site-packages/pip/_vendor/resolvelib/structs.py", line 156, in __bool__
    return bool(self._sequence)
  File "/Users/apple/Downloads/windsurf-dloop/venv/lib/python3.13/site-packages/pip/_internal/resolution/resolvelib/found_candidates.py", line 174, in __bool__
    return any(self)
  File "/Users/apple/Downloads/windsurf-dloop/venv/lib/python3.13/site-packages/pip/_internal/resolution/resolvelib/found_candidates.py", line 162, in <genexpr>
    return (c for c in iterator if id(c) not in self._incompatible_ids)
                       ^^^^^^^^
  File "/Users/apple/Downloads/windsurf-dloop/venv/lib/python3.13/site-packages/pip/_internal/resolution/resolvelib/found_candidates.py", line 53, in _iter_built
    candidate = func()
  File "/Users/apple/Downloads/windsurf-dloop/venv/lib/python3.13/site-packages/pip/_internal/resolution/resolvelib/factory.py", line 187, in _make_candidate_from_link
    base: Optional[BaseCandidate] = self._make_base_candidate_from_link(
                                    ~~~~~~~~~~~~~~~~~~~~~~~~~~~~~~~~~~~^
        link, template, name, version
        ^^^^^^^^^^^^^^^^^^^^^^^^^^^^^
    )
    ^
  File "/Users/apple/Downloads/windsurf-dloop/venv/lib/python3.13/site-packages/pip/_internal/resolution/resolvelib/factory.py", line 233, in _make_base_candidate_from_link
    self._link_candidate_cache[link] = LinkCandidate(
                                       ~~~~~~~~~~~~~^
        link,
        ^^^^^
    ...<3 lines>...
        version=version,
        ^^^^^^^^^^^^^^^^
    )
    ^
  File "/Users/apple/Downloads/windsurf-dloop/venv/lib/python3.13/site-packages/pip/_internal/resolution/resolvelib/candidates.py", line 304, in __init__
    super().__init__(
    ~~~~~~~~~~~~~~~~^
        link=link,
        ^^^^^^^^^^
    ...<4 lines>...
        version=version,
        ^^^^^^^^^^^^^^^^
    )
    ^
  File "/Users/apple/Downloads/windsurf-dloop/venv/lib/python3.13/site-packages/pip/_internal/resolution/resolvelib/candidates.py", line 159, in __init__
    self.dist = self._prepare()
                ~~~~~~~~~~~~~^^
  File "/Users/apple/Downloads/windsurf-dloop/venv/lib/python3.13/site-packages/pip/_internal/resolution/resolvelib/candidates.py", line 236, in _prepare
    dist = self._prepare_distribution()
  File "/Users/apple/Downloads/windsurf-dloop/venv/lib/python3.13/site-packages/pip/_internal/resolution/resolvelib/candidates.py", line 315, in _prepare_distribution
    return preparer.prepare_linked_requirement(self._ireq, parallel_builds=True)
           ~~~~~~~~~~~~~~~~~~~~~~~~~~~~~~~~~~~^^^^^^^^^^^^^^^^^^^^^^^^^^^^^^^^^^
  File "/Users/apple/Downloads/windsurf-dloop/venv/lib/python3.13/site-packages/pip/_internal/operations/prepare.py", line 527, in prepare_linked_requirement
    return self._prepare_linked_requirement(req, parallel_builds)
           ~~~~~~~~~~~~~~~~~~~~~~~~~~~~~~~~^^^^^^^^^^^^^^^^^^^^^^
  File "/Users/apple/Downloads/windsurf-dloop/venv/lib/python3.13/site-packages/pip/_internal/operations/prepare.py", line 642, in _prepare_linked_requirement
    dist = _get_prepared_distribution(
        req,
    ...<3 lines>...
        self.check_build_deps,
    )
  File "/Users/apple/Downloads/windsurf-dloop/venv/lib/python3.13/site-packages/pip/_internal/operations/prepare.py", line 72, in _get_prepared_distribution
    abstract_dist.prepare_distribution_metadata(
    ~~~~~~~~~~~~~~~~~~~~~~~~~~~~~~~~~~~~~~~~~~~^
        finder, build_isolation, check_build_deps
        ^^^^^^^^^^^^^^^^^^^^^^^^^^^^^^^^^^^^^^^^^
    )
    ^
  File "/Users/apple/Downloads/windsurf-dloop/venv/lib/python3.13/site-packages/pip/_internal/distributions/sdist.py", line 69, in prepare_distribution_metadata
    self.req.prepare_metadata()
    ~~~~~~~~~~~~~~~~~~~~~~~~~^^
  File "/Users/apple/Downloads/windsurf-dloop/venv/lib/python3.13/site-packages/pip/_internal/req/req_install.py", line 575, in prepare_metadata
    self.metadata_directory = generate_metadata(
                              ~~~~~~~~~~~~~~~~~^
        build_env=self.build_env,
        ^^^^^^^^^^^^^^^^^^^^^^^^^
        backend=self.pep517_backend,
        ^^^^^^^^^^^^^^^^^^^^^^^^^^^^
        details=details,
        ^^^^^^^^^^^^^^^^
    )
    ^
  File "/Users/apple/Downloads/windsurf-dloop/venv/lib/python3.13/site-packages/pip/_internal/operations/build/metadata.py", line 35, in generate_metadata
    distinfo_dir = backend.prepare_metadata_for_build_wheel(metadata_dir)
  File "/Users/apple/Downloads/windsurf-dloop/venv/lib/python3.13/site-packages/pip/_internal/utils/misc.py", line 722, in prepare_metadata_for_build_wheel
    return super().prepare_metadata_for_build_wheel(
           ~~~~~~~~~~~~~~~~~~~~~~~~~~~~~~~~~~~~~~~~^
        metadata_directory=metadata_directory,
        ^^^^^^^^^^^^^^^^^^^^^^^^^^^^^^^^^^^^^^
        config_settings=cs,
        ^^^^^^^^^^^^^^^^^^^
        _allow_fallback=_allow_fallback,
        ^^^^^^^^^^^^^^^^^^^^^^^^^^^^^^^^
    )
    ^
  File "/Users/apple/Downloads/windsurf-dloop/venv/lib/python3.13/site-packages/pip/_vendor/pyproject_hooks/_impl.py", line 186, in prepare_metadata_for_build_wheel
    return self._call_hook('prepare_metadata_for_build_wheel', {
           ~~~~~~~~~~~~~~~^^^^^^^^^^^^^^^^^^^^^^^^^^^^^^^^^^^^^^
        'metadata_directory': abspath(metadata_directory),
        ^^^^^^^^^^^^^^^^^^^^^^^^^^^^^^^^^^^^^^^^^^^^^^^^^^
        'config_settings': config_settings,
        ^^^^^^^^^^^^^^^^^^^^^^^^^^^^^^^^^^^
        '_allow_fallback': _allow_fallback,
        ^^^^^^^^^^^^^^^^^^^^^^^^^^^^^^^^^^^
    })
    ^^
  File "/Users/apple/Downloads/windsurf-dloop/venv/lib/python3.13/site-packages/pip/_vendor/pyproject_hooks/_impl.py", line 321, in _call_hook
    raise BackendUnavailable(data.get('traceback', ''))
pip._vendor.pyproject_hooks._impl.BackendUnavailable: Traceback (most recent call last):
  File "/Users/apple/Downloads/windsurf-dloop/venv/lib/python3.13/site-packages/pip/_vendor/pyproject_hooks/_in_process/_in_process.py", line 77, in _build_backend
    obj = import_module(mod_path)
  File "/Library/Frameworks/Python.framework/Versions/3.13/lib/python3.13/importlib/__init__.py", line 88, in import_module
    return _bootstrap._gcd_import(name[level:], package, level)
           ~~~~~~~~~~~~~~~~~~~~~~^^^^^^^^^^^^^^^^^^^^^^^^^^^^^^
  File "<frozen importlib._bootstrap>", line 1387, in _gcd_import
  File "<frozen importlib._bootstrap>", line 1360, in _find_and_load
  File "<frozen importlib._bootstrap>", line 1310, in _find_and_load_unlocked
  File "<frozen importlib._bootstrap>", line 488, in _call_with_frames_removed
  File "<frozen importlib._bootstrap>", line 1387, in _gcd_import
  File "<frozen importlib._bootstrap>", line 1360, in _find_and_load
  File "<frozen importlib._bootstrap>", line 1324, in _find_and_load_unlocked
ModuleNotFoundError: No module named 'setuptools'

Collecting z3-solver==4.8.12
  Using cached z3-solver-4.8.12.0.tar.gz (4.4 MB)
  Installing build dependencies: started
  Installing build dependencies: finished with status 'done'
  Getting requirements to build wheel: started
  Getting requirements to build wheel: finished with status 'done'
  Preparing metadata (pyproject.toml): started
  Preparing metadata (pyproject.toml): finished with status 'done'
Building wheels for collected packages: z3-solver
  Building wheel for z3-solver (pyproject.toml): started
  Building wheel for z3-solver (pyproject.toml): finished with status 'error'
  error: subprocess-exited-with-error
  
  × Building wheel for z3-solver (pyproject.toml) did not run successfully.
  │ exit code: 1
  ╰─> [20 lines of output]
      running bdist_wheel
      /private/var/folders/k6/tfs_tx3s5fd5xc70ld8bcvlw0000gq/T/pip-build-env-8hiqb3bg/overlay/lib/python3.13/site-packages/setuptools/_distutils/cmd.py:135: SetuptoolsDeprecationWarning: bdist_wheel.universal is deprecated
      !!
      
              ********************************************************************************
              With Python 2.7 end-of-life, support for building universal wheels
              (i.e., wheels that support both Python 2 and Python 3)
              is being obviated.
              Please discontinue using this option, or if you still need it,
              file an issue with pypa/setuptools describing your use case.
      
              By 2025-Aug-30, you need to update your project and remove deprecated calls
              or your builds will no longer be supported.
              ********************************************************************************
      
      !!
        self.finalize_options()
      running build
      Configuring Z3
      error: [Errno 2] No such file or directory: 'cmake'
      [end of output]
  
  note: This error originates from a subprocess, and is likely not a problem with pip.
  ERROR: Failed building wheel for z3-solver
Failed to build z3-solver

[notice] A new release of pip is available: 24.3.1 -> 25.0.1
[notice] To update, run: pip install --upgrade pip
ERROR: ERROR: Failed to build installable wheels for some pyproject.toml based projects (z3-solver)
Collecting manticore==0.3.7
  Using cached manticore-0.3.7-py3-none-any.whl.metadata (13 kB)
Collecting pyyaml (from manticore==0.3.7)
  Using cached PyYAML-6.0.2-cp313-cp313-macosx_11_0_arm64.whl.metadata (2.1 kB)
Collecting protobuf (from manticore==0.3.7)
  Using cached protobuf-6.30.2-cp39-abi3-macosx_10_9_universal2.whl.metadata (593 bytes)
Collecting pysha3 (from manticore==0.3.7)
  Using cached pysha3-1.0.2.tar.gz (829 kB)
  Installing build dependencies: started
  Installing build dependencies: finished with status 'done'
  Getting requirements to build wheel: started
  Getting requirements to build wheel: finished with status 'done'
  Preparing metadata (pyproject.toml): started
  Preparing metadata (pyproject.toml): finished with status 'done'
Collecting prettytable (from manticore==0.3.7)
  Using cached prettytable-3.16.0-py3-none-any.whl.metadata (33 kB)
Collecting ply (from manticore==0.3.7)
  Using cached ply-3.11-py2.py3-none-any.whl.metadata (844 bytes)
Collecting rlp (from manticore==0.3.7)
  Using cached rlp-4.1.0-py3-none-any.whl.metadata (3.2 kB)
Collecting intervaltree (from manticore==0.3.7)
  Using cached intervaltree-3.1.0-py2.py3-none-any.whl
Collecting crytic-compile==0.2.2 (from manticore==0.3.7)
  Using cached crytic_compile-0.2.2-py3-none-any.whl
Collecting wasm (from manticore==0.3.7)
  Using cached wasm-1.2-py3-none-any.whl.metadata (359 bytes)
Collecting pyevmasm>=0.2.3 (from manticore==0.3.7)
  Using cached pyevmasm-0.2.3-py3-none-any.whl.metadata (467 bytes)
Collecting z3-solver (from manticore==0.3.7)
  Using cached z3_solver-4.14.1.0-py3-none-macosx_13_0_arm64.whl.metadata (778 bytes)
Collecting future (from pyevmasm>=0.2.3->manticore==0.3.7)
  Using cached future-1.0.0-py3-none-any.whl.metadata (4.0 kB)
Collecting sortedcontainers<3.0,>=2.0 (from intervaltree->manticore==0.3.7)
  Using cached sortedcontainers-2.4.0-py2.py3-none-any.whl.metadata (10 kB)
Collecting wcwidth (from prettytable->manticore==0.3.7)
  Using cached wcwidth-0.2.13-py2.py3-none-any.whl.metadata (14 kB)
Collecting eth-utils>=2 (from rlp->manticore==0.3.7)
  Using cached eth_utils-5.3.0-py3-none-any.whl.metadata (5.7 kB)
Collecting setuptools (from wasm->manticore==0.3.7)
  Using cached setuptools-79.0.0-py3-none-any.whl.metadata (6.5 kB)
Collecting eth-hash>=0.3.1 (from eth-utils>=2->rlp->manticore==0.3.7)
  Using cached eth_hash-0.7.1-py3-none-any.whl.metadata (4.2 kB)
Collecting eth-typing>=5.0.0 (from eth-utils>=2->rlp->manticore==0.3.7)
  Using cached eth_typing-5.2.1-py3-none-any.whl.metadata (3.2 kB)
Collecting cytoolz>=0.10.1 (from eth-utils>=2->rlp->manticore==0.3.7)
  Using cached cytoolz-1.0.1-cp313-cp313-macosx_11_0_arm64.whl.metadata (4.6 kB)
Collecting pydantic<3,>=2.0.0 (from eth-utils>=2->rlp->manticore==0.3.7)
  Using cached pydantic-2.11.3-py3-none-any.whl.metadata (65 kB)
Collecting toolz>=0.8.0 (from cytoolz>=0.10.1->eth-utils>=2->rlp->manticore==0.3.7)
  Using cached toolz-1.0.0-py3-none-any.whl.metadata (5.1 kB)
Collecting typing_extensions>=4.5.0 (from eth-typing>=5.0.0->eth-utils>=2->rlp->manticore==0.3.7)
  Using cached typing_extensions-4.13.2-py3-none-any.whl.metadata (3.0 kB)
Collecting annotated-types>=0.6.0 (from pydantic<3,>=2.0.0->eth-utils>=2->rlp->manticore==0.3.7)
  Using cached annotated_types-0.7.0-py3-none-any.whl.metadata (15 kB)
Collecting pydantic-core==2.33.1 (from pydantic<3,>=2.0.0->eth-utils>=2->rlp->manticore==0.3.7)
  Using cached pydantic_core-2.33.1-cp313-cp313-macosx_11_0_arm64.whl.metadata (6.8 kB)
Collecting typing-inspection>=0.4.0 (from pydantic<3,>=2.0.0->eth-utils>=2->rlp->manticore==0.3.7)
  Using cached typing_inspection-0.4.0-py3-none-any.whl.metadata (2.6 kB)
Using cached manticore-0.3.7-py3-none-any.whl (420 kB)
Using cached pyevmasm-0.2.3-py3-none-any.whl (15 kB)
Using cached ply-3.11-py2.py3-none-any.whl (49 kB)
Using cached prettytable-3.16.0-py3-none-any.whl (33 kB)
Using cached protobuf-6.30.2-cp39-abi3-macosx_10_9_universal2.whl (417 kB)
Using cached PyYAML-6.0.2-cp313-cp313-macosx_11_0_arm64.whl (171 kB)
Using cached rlp-4.1.0-py3-none-any.whl (19 kB)
Using cached wasm-1.2-py3-none-any.whl (15 kB)
Using cached z3_solver-4.14.1.0-py3-none-macosx_13_0_arm64.whl (37.6 MB)
Using cached eth_utils-5.3.0-py3-none-any.whl (102 kB)
Using cached sortedcontainers-2.4.0-py2.py3-none-any.whl (29 kB)
Using cached future-1.0.0-py3-none-any.whl (491 kB)
Using cached setuptools-79.0.0-py3-none-any.whl (1.3 MB)
Using cached wcwidth-0.2.13-py2.py3-none-any.whl (34 kB)
Using cached cytoolz-1.0.1-cp313-cp313-macosx_11_0_arm64.whl (385 kB)
Using cached eth_hash-0.7.1-py3-none-any.whl (8.0 kB)
Using cached eth_typing-5.2.1-py3-none-any.whl (19 kB)
Using cached pydantic-2.11.3-py3-none-any.whl (443 kB)
Using cached pydantic_core-2.33.1-cp313-cp313-macosx_11_0_arm64.whl (1.9 MB)
Using cached annotated_types-0.7.0-py3-none-any.whl (13 kB)
Using cached toolz-1.0.0-py3-none-any.whl (56 kB)
Using cached typing_extensions-4.13.2-py3-none-any.whl (45 kB)
Using cached typing_inspection-0.4.0-py3-none-any.whl (14 kB)
Building wheels for collected packages: pysha3
  Building wheel for pysha3 (pyproject.toml): started
  Building wheel for pysha3 (pyproject.toml): finished with status 'error'
  error: subprocess-exited-with-error
  
  × Building wheel for pysha3 (pyproject.toml) did not run successfully.
  │ exit code: 1
  ╰─> [29 lines of output]
      /private/var/folders/k6/tfs_tx3s5fd5xc70ld8bcvlw0000gq/T/pip-build-env-v8_yjc48/overlay/lib/python3.13/site-packages/setuptools/dist.py:759: SetuptoolsDeprecationWarning: License classifiers are deprecated.
      !!
      
              ********************************************************************************
              Please consider removing the following classifiers in favor of a SPDX license expression:
      
              License :: OSI Approved :: Python Software Foundation License
              License :: CC0 1.0 Universal (CC0 1.0) Public Domain Dedication
      
              See https://packaging.python.org/en/latest/guides/writing-pyproject-toml/#license for details.
              ********************************************************************************
      
      !!
        self._finalize_license_expression()
      running bdist_wheel
      running build
      running build_py
      creating build/lib.macosx-10.13-universal2-cpython-313
      copying sha3.py -> build/lib.macosx-10.13-universal2-cpython-313
      running build_ext
      building '_pysha3' extension
      creating build/temp.macosx-10.13-universal2-cpython-313/Modules/_sha3
      clang -fno-strict-overflow -Wsign-compare -Wunreachable-code -fno-common -dynamic -DNDEBUG -g -O3 -Wall -arch arm64 -arch x86_64 -DPY_WITH_KECCAK=1 -I/Users/apple/Downloads/windsurf-dloop/venv/include -I/Library/Frameworks/Python.framework/Versions/3.13/include/python3.13 -c Modules/_sha3/sha3module.c -o build/temp.macosx-10.13-universal2-cpython-313/Modules/_sha3/sha3module.o
      In file included from Modules/_sha3/sha3module.c:20:
      Modules/_sha3/backport.inc:78:10: fatal error: 'pystrhex.h' file not found
      #include "pystrhex.h"
               ^~~~~~~~~~~~
      1 error generated.
      error: command '/usr/bin/clang' failed with exit code 1
      [end of output]
  
  note: This error originates from a subprocess, and is likely not a problem with pip.
  ERROR: Failed building wheel for pysha3
Failed to build pysha3

[notice] A new release of pip is available: 24.3.1 -> 25.0.1
[notice] To update, run: pip install --upgrade pip
ERROR: ERROR: Failed to build installable wheels for some pyproject.toml based projects (pysha3)
WARNING: Package(s) not found: manticore
Failed to install Manticore. Trying alternative approach...
ERROR: Could not find a version that satisfies the requirement manticore-ethereum (from versions: none)

[notice] A new release of pip is available: 24.3.1 -> 25.0.1
[notice] To update, run: pip install --upgrade pip
ERROR: No matching distribution found for manticore-ethereum
WARNING: Package(s) not found: manticore-ethereum
Failed to install Manticore. Please install it manually:
pip install manticore==0.3.7
Continuing without Manticore installation...
WARNING: Package(s) not found: manticore
WARNING: Package(s) not found: manticore-ethereum
WARNING: Manticore is not installed. Skipping analysis.
Please install Manticore manually to run the security analysis.
You can try: pip install manticore==0.3.7
