{"contracts/adapters/PriceOracleAdapter.sol":{"l":{"29":0,"30":0,"39":0,"49":0,"52":0,"61":0,"62":0},"path":"/Users/apple/Downloads/windsurf-dloop/contracts/adapters/PriceOracleAdapter.sol","s":{"1":0,"2":0,"3":0,"4":0,"5":0},"b":{"1":[0,0],"2":[0,0],"3":[0,0]},"f":{"1":0,"2":0,"3":0,"4":0},"fnMap":{"1":{"name":"constructor","line":28,"loc":{"start":{"line":28,"column":4},"end":{"line":31,"column":4}}},"2":{"name":"getAssetPrice","line":38,"loc":{"start":{"line":38,"column":4},"end":{"line":40,"column":4}}},"3":{"name":"getAssetDecimals","line":47,"loc":{"start":{"line":47,"column":4},"end":{"line":53,"column":4}}},"4":{"name":"setTokenDecimals","line":60,"loc":{"start":{"line":60,"column":4},"end":{"line":63,"column":4}}}},"statementMap":{"1":{"start":{"line":29,"column":8},"end":{"line":29,"column":55}},"2":{"start":{"line":39,"column":8},"end":{"line":39,"column":38}},"3":{"start":{"line":49,"column":8},"end":{"line":49,"column":46}},"4":{"start":{"line":52,"column":8},"end":{"line":52,"column":57}},"5":{"start":{"line":61,"column":8},"end":{"line":61,"column":54}}},"branchMap":{"1":{"line":29,"type":"if","locations":[{"start":{"line":29,"column":8},"end":{"line":29,"column":8}},{"start":{"line":29,"column":8},"end":{"line":29,"column":8}}]},"2":{"line":52,"type":"if","locations":[{"start":{"line":52,"column":30},"end":{"line":52,"column":37}},{"start":{"line":52,"column":41},"end":{"line":52,"column":56}}]},"3":{"line":61,"type":"if","locations":[{"start":{"line":61,"column":8},"end":{"line":61,"column":8}},{"start":{"line":61,"column":8},"end":{"line":61,"column":8}}]}}},"contracts/adapters/SoulboundNFTAdapter.sol":{"l":{"25":0,"26":0,"33":0,"45":0,"53":0,"61":0,"70":0,"87":0,"96":0,"105":0,"114":0,"122":0,"130":0,"138":0,"146":0},"path":"/Users/apple/Downloads/windsurf-dloop/contracts/adapters/SoulboundNFTAdapter.sol","s":{"1":0,"2":0,"3":0,"4":0,"5":0,"6":0,"7":0,"8":0,"9":0,"10":0,"11":0,"12":0,"13":0,"14":0},"b":{"1":[0,0],"2":[0,0]},"f":{"1":0,"2":0,"3":0,"4":0,"5":0,"6":0,"7":0,"8":0,"9":0,"10":0,"11":0,"12":0,"13":0,"14":0},"fnMap":{"1":{"name":"constructor","line":24,"loc":{"start":{"line":24,"column":4},"end":{"line":27,"column":4}}},"2":{"name":"supportsInterface","line":32,"loc":{"start":{"line":32,"column":4},"end":{"line":36,"column":4}}},"3":{"name":"mint","line":44,"loc":{"start":{"line":44,"column":4},"end":{"line":46,"column":4}}},"4":{"name":"burn","line":52,"loc":{"start":{"line":52,"column":4},"end":{"line":54,"column":4}}},"5":{"name":"revoke","line":60,"loc":{"start":{"line":60,"column":4},"end":{"line":62,"column":4}}},"6":{"name":"isTokenValid","line":69,"loc":{"start":{"line":69,"column":4},"end":{"line":71,"column":4}}},"7":{"name":"getTokenDetails","line":81,"loc":{"start":{"line":81,"column":4},"end":{"line":88,"column":4}}},"8":{"name":"hasValidToken","line":95,"loc":{"start":{"line":95,"column":4},"end":{"line":97,"column":4}}},"9":{"name":"isMinter","line":104,"loc":{"start":{"line":104,"column":4},"end":{"line":106,"column":4}}},"10":{"name":"isAdmin","line":113,"loc":{"start":{"line":113,"column":4},"end":{"line":115,"column":4}}},"11":{"name":"grantMinterRole","line":121,"loc":{"start":{"line":121,"column":4},"end":{"line":123,"column":4}}},"12":{"name":"revokeMinterRole","line":129,"loc":{"start":{"line":129,"column":4},"end":{"line":131,"column":4}}},"13":{"name":"grantAdminRole","line":137,"loc":{"start":{"line":137,"column":4},"end":{"line":139,"column":4}}},"14":{"name":"transferOwnership","line":145,"loc":{"start":{"line":145,"column":4},"end":{"line":147,"column":4}}}},"statementMap":{"1":{"start":{"line":25,"column":8},"end":{"line":25,"column":52}},"2":{"start":{"line":33,"column":8},"end":{"line":33,"column":1192}},"3":{"start":{"line":45,"column":8},"end":{"line":45,"column":41}},"4":{"start":{"line":53,"column":8},"end":{"line":53,"column":27}},"5":{"start":{"line":61,"column":8},"end":{"line":61,"column":27}},"6":{"start":{"line":70,"column":8},"end":{"line":70,"column":41}},"7":{"start":{"line":87,"column":8},"end":{"line":87,"column":44}},"8":{"start":{"line":96,"column":8},"end":{"line":96,"column":40}},"9":{"start":{"line":105,"column":8},"end":{"line":105,"column":37}},"10":{"start":{"line":114,"column":8},"end":{"line":114,"column":36}},"11":{"start":{"line":122,"column":8},"end":{"line":122,"column":35}},"12":{"start":{"line":130,"column":8},"end":{"line":130,"column":36}},"13":{"start":{"line":138,"column":8},"end":{"line":138,"column":36}},"14":{"start":{"line":146,"column":8},"end":{"line":146,"column":39}}},"branchMap":{"1":{"line":25,"type":"if","locations":[{"start":{"line":25,"column":8},"end":{"line":25,"column":8}},{"start":{"line":25,"column":8},"end":{"line":25,"column":8}}]},"2":{"line":34,"type":"cond-expr","locations":[{"start":{"line":34,"column":12},"end":{"line":34,"column":51}},{"start":{"line":35,"column":12},"end":{"line":35,"column":57}}]}}},"contracts/core/AssetDAO.sol":{"l":{"131":0,"132":0,"141":0,"142":0,"181":0,"182":0,"189":0,"190":0,"197":0,"204":0,"225":0,"228":0,"230":0,"231":0,"232":0,"233":0,"234":0,"235":0,"236":0,"239":0,"242":0,"243":0,"244":0,"245":0,"246":0,"260":0,"261":0,"264":0,"265":0,"266":0,"267":0,"268":0,"269":0,"270":0,"271":0,"272":0,"275":0,"276":0,"279":0,"281":0,"290":0,"292":0,"295":0,"296":0,"297":0,"322":0,"324":0,"326":0,"344":0,"346":0,"348":0,"358":0,"360":0,"362":0,"371":0,"373":0,"374":0,"375":0,"378":0,"381":0,"382":0,"385":0,"389":0,"392":0,"395":0,"396":0,"399":0,"400":0,"402":0,"405":0,"408":0,"417":0,"419":0,"420":0,"424":0,"425":0,"428":0,"431":0,"434":0,"435":0,"438":0,"442":0,"445":0,"446":0,"449":0,"452":0,"455":0,"469":0,"472":0,"473":0,"474":0,"477":0,"481":0,"482":0,"485":0,"489":0,"492":0,"493":0,"496":0,"500":0,"503":0,"504":0,"507":0,"510":0,"513":0,"521":0,"529":0,"531":0,"532":0,"535":0,"536":0,"537":0,"538":0,"540":0,"548":0,"550":0,"551":0,"554":0,"555":0,"557":0,"565":0,"567":0,"568":0,"570":0,"580":0,"581":0,"589":0,"591":0,"592":0,"595":0,"596":0,"597":0,"598":0,"599":0,"600":0,"602":0,"611":0,"620":0,"622":0,"624":0,"648":0,"649":0,"656":0,"657":0,"678":0,"679":0,"682":0,"683":0,"684":0,"685":0,"686":0,"687":0,"688":0,"692":0,"693":0,"694":0,"695":0,"697":0,"698":0,"699":0,"700":0,"703":0,"705":0,"714":0,"717":0,"720":0,"723":0,"727":0,"728":0,"729":0,"730":0,"735":0,"738":0,"741":0,"742":0,"743":0,"745":0,"746":0,"750":0,"752":0,"753":0,"755":0,"760":0,"763":0,"771":0,"774":0,"778":0,"781":0,"784":0,"785":0,"786":0,"789":0,"792":0,"793":0,"796":0,"805":0,"813":0,"816":0,"817":0,"820":0,"823":0,"826":0,"836":0,"844":0,"846":0,"847":0,"849":0,"857":0,"859":0,"860":0,"862":0,"870":0,"871":0,"873":0,"881":0,"883":0,"884":0,"886":0,"894":0,"902":0,"913":0,"915":0,"930":0,"963":0,"965":0,"986":0,"987":0,"989":0,"990":0,"998":0,"1000":0,"1003":0,"1004":0,"1005":0,"1006":0,"1007":0,"1017":0,"1034":0,"1035":0,"1036":0,"1037":0,"1041":0,"1042":0,"1043":0,"1044":0,"1048":0,"1049":0,"1050":0,"1053":0,"1054":0,"1055":0,"1056":0,"1064":0,"1071":0},"path":"/Users/apple/Downloads/windsurf-dloop/contracts/core/AssetDAO.sol","s":{"1":0,"2":0,"3":0,"4":0,"5":0,"6":0,"7":0,"8":0,"9":0,"10":0,"11":0,"12":0,"13":0,"14":0,"15":0,"16":0,"17":0,"18":0,"19":0,"20":0,"21":0,"22":0,"23":0,"24":0,"25":0,"26":0,"27":0,"28":0,"29":0,"30":0,"31":0,"32":0,"33":0,"34":0,"35":0,"36":0,"37":0,"38":0,"39":0,"40":0,"41":0,"42":0,"43":0,"44":0,"45":0,"46":0,"47":0,"48":0,"49":0,"50":0,"51":0,"52":0,"53":0,"54":0,"55":0,"56":0,"57":0,"58":0,"59":0,"60":0,"61":0,"62":0,"63":0,"64":0,"65":0,"66":0,"67":0,"68":0,"69":0,"70":0,"71":0,"72":0,"73":0,"74":0,"75":0,"76":0,"77":0,"78":0,"79":0,"80":0,"81":0,"82":0,"83":0,"84":0,"85":0,"86":0,"87":0,"88":0,"89":0,"90":0,"91":0,"92":0,"93":0,"94":0,"95":0,"96":0,"97":0,"98":0,"99":0,"100":0,"101":0,"102":0,"103":0,"104":0,"105":0,"106":0,"107":0,"108":0,"109":0,"110":0,"111":0,"112":0,"113":0,"114":0,"115":0,"116":0,"117":0,"118":0,"119":0,"120":0,"121":0,"122":0,"123":0,"124":0,"125":0,"126":0,"127":0,"128":0,"129":0,"130":0,"131":0,"132":0,"133":0,"134":0,"135":0,"136":0,"137":0,"138":0,"139":0,"140":0,"141":0,"142":0,"143":0,"144":0,"145":0,"146":0,"147":0,"148":0,"149":0,"150":0,"151":0,"152":0,"153":0,"154":0,"155":0,"156":0,"157":0,"158":0,"159":0,"160":0,"161":0,"162":0,"163":0,"164":0,"165":0,"166":0,"167":0,"168":0,"169":0,"170":0,"171":0,"172":0},"b":{"1":[0,0],"2":[0,0],"3":[0,0],"4":[0,0],"5":[0,0],"6":[0,0],"7":[0,0],"8":[0,0],"9":[0,0],"10":[0,0],"11":[0,0],"12":[0,0],"13":[0,0],"14":[0,0],"15":[0,0],"16":[0,0],"17":[0,0],"18":[0,0],"19":[0,0],"20":[0,0],"21":[0,0],"22":[0,0],"23":[0,0],"24":[0,0],"25":[0,0],"26":[0,0],"27":[0,0],"28":[0,0],"29":[0,0],"30":[0,0],"31":[0,0],"32":[0,0],"33":[0,0],"34":[0,0],"35":[0,0],"36":[0,0],"37":[0,0],"38":[0,0],"39":[0,0],"40":[0,0],"41":[0,0],"42":[0,0],"43":[0,0],"44":[0,0],"45":[0,0],"46":[0,0],"47":[0,0],"48":[0,0],"49":[0,0],"50":[0,0],"51":[0,0],"52":[0,0],"53":[0,0],"54":[0,0],"55":[0,0],"56":[0,0],"57":[0,0],"58":[0,0],"59":[0,0],"60":[0,0],"61":[0,0],"62":[0,0],"63":[0,0],"64":[0,0],"65":[0,0],"66":[0,0],"67":[0,0],"68":[0,0],"69":[0,0],"70":[0,0],"71":[0,0],"72":[0,0],"73":[0,0],"74":[0,0],"75":[0,0],"76":[0,0],"77":[0,0],"78":[0,0],"79":[0,0],"80":[0,0],"81":[0,0],"82":[0,0],"83":[0,0],"84":[0,0],"85":[0,0],"86":[0,0],"87":[0,0],"88":[0,0],"89":[0,0],"90":[0,0]},"f":{"1":0,"2":0,"3":0,"4":0,"5":0,"6":0,"7":0,"8":0,"9":0,"10":0,"11":0,"12":0,"13":0,"14":0,"15":0,"16":0,"17":0,"18":0,"19":0,"20":0,"21":0,"22":0,"23":0,"24":0,"25":0,"26":0,"27":0,"28":0,"29":0,"30":0,"31":0,"32":0,"33":0,"34":0,"35":0,"36":0,"37":0,"38":0,"39":0,"40":0,"41":0,"42":0,"43":0,"44":0},"fnMap":{"1":{"name":"_getAssetPrice","line":130,"loc":{"start":{"line":130,"column":4},"end":{"line":133,"column":4}}},"2":{"name":"_getAssetDecimals","line":140,"loc":{"start":{"line":140,"column":4},"end":{"line":143,"column":4}}},"3":{"name":"onlyOwner","line":180,"loc":{"start":{"line":180,"column":4},"end":{"line":183,"column":4}}},"4":{"name":"onlyAdmin","line":188,"loc":{"start":{"line":188,"column":4},"end":{"line":191,"column":4}}},"5":{"name":"owner","line":196,"loc":{"start":{"line":196,"column":4},"end":{"line":198,"column":4}}},"6":{"name":"admin","line":203,"loc":{"start":{"line":203,"column":4},"end":{"line":205,"column":4}}},"7":{"name":"constructor","line":218,"loc":{"start":{"line":218,"column":4},"end":{"line":247,"column":4}}},"8":{"name":"createAsset","line":255,"loc":{"start":{"line":255,"column":4},"end":{"line":282,"column":4}}},"9":{"name":"updateAssetState","line":289,"loc":{"start":{"line":289,"column":4},"end":{"line":298,"column":4}}},"10":{"name":"getAssetDetails","line":312,"loc":{"start":{"line":312,"column":4},"end":{"line":336,"column":4}}},"11":{"name":"getAssetInvestors","line":343,"loc":{"start":{"line":343,"column":4},"end":{"line":349,"column":4}}},"12":{"name":"getInvestorShares","line":357,"loc":{"start":{"line":357,"column":4},"end":{"line":363,"column":4}}},"13":{"name":"invest","line":370,"loc":{"start":{"line":370,"column":4},"end":{"line":409,"column":4}}},"14":{"name":"divest","line":416,"loc":{"start":{"line":416,"column":4},"end":{"line":456,"column":4}}},"15":{"name":"rageQuit","line":468,"loc":{"start":{"line":468,"column":4},"end":{"line":514,"column":4}}},"16":{"name":"getAssetCount","line":520,"loc":{"start":{"line":520,"column":4},"end":{"line":522,"column":4}}},"17":{"name":"updateAdmin","line":528,"loc":{"start":{"line":528,"column":4},"end":{"line":541,"column":4}}},"18":{"name":"updateFeeProcessor","line":547,"loc":{"start":{"line":547,"column":4},"end":{"line":558,"column":4}}},"19":{"name":"updatePriceOracle","line":564,"loc":{"start":{"line":564,"column":4},"end":{"line":571,"column":4}}},"20":{"name":"allowTokenTransfer","line":579,"loc":{"start":{"line":579,"column":4},"end":{"line":582,"column":4}}},"21":{"name":"transferOwnership","line":588,"loc":{"start":{"line":588,"column":4},"end":{"line":603,"column":4}}},"22":{"name":"assetExists","line":610,"loc":{"start":{"line":610,"column":4},"end":{"line":612,"column":4}}},"23":{"name":"getAssetState","line":619,"loc":{"start":{"line":619,"column":4},"end":{"line":625,"column":4}}},"24":{"name":"proposalExists","line":647,"loc":{"start":{"line":647,"column":4},"end":{"line":650,"column":4}}},"25":{"name":"whenNotPaused","line":655,"loc":{"start":{"line":655,"column":4},"end":{"line":658,"column":4}}},"26":{"name":"createProposal","line":673,"loc":{"start":{"line":668,"column":4},"end":{"line":706,"column":4}}},"27":{"name":"vote","line":713,"loc":{"start":{"line":713,"column":4},"end":{"line":764,"column":4}}},"28":{"name":"executeProposal","line":770,"loc":{"start":{"line":770,"column":4},"end":{"line":806,"column":4}}},"29":{"name":"cancelProposal","line":812,"loc":{"start":{"line":812,"column":4},"end":{"line":827,"column":4}}},"30":{"name":"hasVoted","line":835,"loc":{"start":{"line":835,"column":4},"end":{"line":837,"column":4}}},"31":{"name":"updateQuorum","line":843,"loc":{"start":{"line":843,"column":4},"end":{"line":850,"column":4}}},"32":{"name":"updateVotingPeriod","line":856,"loc":{"start":{"line":856,"column":4},"end":{"line":863,"column":4}}},"33":{"name":"updateExecutionDelay","line":869,"loc":{"start":{"line":869,"column":4},"end":{"line":874,"column":4}}},"34":{"name":"updateMinStake","line":880,"loc":{"start":{"line":880,"column":4},"end":{"line":887,"column":4}}},"35":{"name":"setPaused","line":893,"loc":{"start":{"line":893,"column":4},"end":{"line":895,"column":4}}},"36":{"name":"getProposalCount","line":901,"loc":{"start":{"line":901,"column":4},"end":{"line":903,"column":4}}},"37":{"name":"getProposalDetails","line":910,"loc":{"start":{"line":910,"column":4},"end":{"line":931,"column":4}}},"38":{"name":"getProposal","line":949,"loc":{"start":{"line":949,"column":4},"end":{"line":979,"column":4}}},"39":{"name":"addSupportedAsset","line":985,"loc":{"start":{"line":985,"column":4},"end":{"line":991,"column":4}}},"40":{"name":"removeSupportedAsset","line":997,"loc":{"start":{"line":997,"column":4},"end":{"line":1010,"column":4}}},"41":{"name":"getSupportedAssets","line":1016,"loc":{"start":{"line":1016,"column":4},"end":{"line":1018,"column":4}}},"42":{"name":"updateGovernanceParameters","line":1032,"loc":{"start":{"line":1027,"column":4},"end":{"line":1058,"column":4}}},"43":{"name":"pause","line":1063,"loc":{"start":{"line":1063,"column":4},"end":{"line":1065,"column":4}}},"44":{"name":"unpause","line":1070,"loc":{"start":{"line":1070,"column":4},"end":{"line":1072,"column":4}}}},"statementMap":{"1":{"start":{"line":131,"column":8},"end":{"line":131,"column":59}},"2":{"start":{"line":132,"column":8},"end":{"line":132,"column":61}},"3":{"start":{"line":141,"column":8},"end":{"line":141,"column":59}},"4":{"start":{"line":142,"column":8},"end":{"line":142,"column":64}},"5":{"start":{"line":181,"column":8},"end":{"line":181,"column":57}},"6":{"start":{"line":189,"column":8},"end":{"line":189,"column":81}},"7":{"start":{"line":197,"column":8},"end":{"line":197,"column":21}},"8":{"start":{"line":204,"column":8},"end":{"line":204,"column":21}},"9":{"start":{"line":225,"column":8},"end":{"line":225,"column":8209}},"10":{"start":{"line":242,"column":8},"end":{"line":242,"column":49}},"11":{"start":{"line":243,"column":8},"end":{"line":243,"column":41}},"12":{"start":{"line":244,"column":8},"end":{"line":244,"column":41}},"13":{"start":{"line":245,"column":8},"end":{"line":245,"column":46}},"14":{"start":{"line":246,"column":8},"end":{"line":246,"column":58}},"15":{"start":{"line":261,"column":8},"end":{"line":261,"column":38}},"16":{"start":{"line":264,"column":8},"end":{"line":264,"column":45}},"17":{"start":{"line":275,"column":8},"end":{"line":275,"column":39}},"18":{"start":{"line":279,"column":8},"end":{"line":279,"column":52}},"19":{"start":{"line":281,"column":8},"end":{"line":281,"column":22}},"20":{"start":{"line":290,"column":8},"end":{"line":290,"column":45}},"21":{"start":{"line":292,"column":8},"end":{"line":292,"column":63}},"22":{"start":{"line":295,"column":8},"end":{"line":295,"column":41}},"23":{"start":{"line":297,"column":8},"end":{"line":297,"column":59}},"24":{"start":{"line":322,"column":8},"end":{"line":322,"column":45}},"25":{"start":{"line":324,"column":8},"end":{"line":324,"column":63}},"26":{"start":{"line":326,"column":8},"end":{"line":326,"column":11476}},"27":{"start":{"line":344,"column":8},"end":{"line":344,"column":45}},"28":{"start":{"line":346,"column":8},"end":{"line":346,"column":63}},"29":{"start":{"line":348,"column":8},"end":{"line":348,"column":30}},"30":{"start":{"line":358,"column":8},"end":{"line":358,"column":45}},"31":{"start":{"line":360,"column":8},"end":{"line":360,"column":63}},"32":{"start":{"line":362,"column":8},"end":{"line":362,"column":45}},"33":{"start":{"line":371,"column":8},"end":{"line":371,"column":45}},"34":{"start":{"line":373,"column":8},"end":{"line":373,"column":63}},"35":{"start":{"line":374,"column":8},"end":{"line":374,"column":72}},"36":{"start":{"line":375,"column":8},"end":{"line":375,"column":47}},"37":{"start":{"line":378,"column":8},"end":{"line":378,"column":29}},"38":{"start":{"line":381,"column":8},"end":{"line":381,"column":13216}},"39":{"start":{"line":389,"column":8},"end":{"line":389,"column":46}},"40":{"start":{"line":392,"column":8},"end":{"line":392,"column":34}},"41":{"start":{"line":399,"column":8},"end":{"line":399,"column":13835}},"42":{"start":{"line":400,"column":12},"end":{"line":400,"column":43}},"43":{"start":{"line":405,"column":8},"end":{"line":405,"column":74}},"44":{"start":{"line":408,"column":8},"end":{"line":408,"column":67}},"45":{"start":{"line":417,"column":8},"end":{"line":417,"column":45}},"46":{"start":{"line":419,"column":8},"end":{"line":419,"column":63}},"47":{"start":{"line":420,"column":8},"end":{"line":420,"column":14611}},"48":{"start":{"line":424,"column":8},"end":{"line":424,"column":47}},"49":{"start":{"line":425,"column":8},"end":{"line":425,"column":81}},"50":{"start":{"line":428,"column":8},"end":{"line":428,"column":36}},"51":{"start":{"line":431,"column":8},"end":{"line":431,"column":29}},"52":{"start":{"line":434,"column":8},"end":{"line":434,"column":15108}},"53":{"start":{"line":442,"column":8},"end":{"line":442,"column":51}},"54":{"start":{"line":452,"column":8},"end":{"line":452,"column":55}},"55":{"start":{"line":455,"column":8},"end":{"line":455,"column":67}},"56":{"start":{"line":469,"column":8},"end":{"line":469,"column":45}},"57":{"start":{"line":472,"column":8},"end":{"line":472,"column":63}},"58":{"start":{"line":473,"column":8},"end":{"line":473,"column":47}},"59":{"start":{"line":474,"column":8},"end":{"line":474,"column":81}},"60":{"start":{"line":477,"column":8},"end":{"line":477,"column":36}},"61":{"start":{"line":481,"column":8},"end":{"line":481,"column":17146}},"62":{"start":{"line":482,"column":12},"end":{"line":482,"column":60}},"63":{"start":{"line":485,"column":12},"end":{"line":485,"column":47}},"64":{"start":{"line":489,"column":8},"end":{"line":489,"column":29}},"65":{"start":{"line":492,"column":8},"end":{"line":492,"column":17584}},"66":{"start":{"line":500,"column":8},"end":{"line":500,"column":51}},"67":{"start":{"line":510,"column":8},"end":{"line":510,"column":55}},"68":{"start":{"line":513,"column":8},"end":{"line":513,"column":67}},"69":{"start":{"line":521,"column":8},"end":{"line":521,"column":27}},"70":{"start":{"line":529,"column":8},"end":{"line":529,"column":57}},"71":{"start":{"line":531,"column":8},"end":{"line":531,"column":33}},"72":{"start":{"line":535,"column":8},"end":{"line":535,"column":40}},"73":{"start":{"line":536,"column":8},"end":{"line":536,"column":45}},"74":{"start":{"line":537,"column":8},"end":{"line":537,"column":40}},"75":{"start":{"line":538,"column":8},"end":{"line":538,"column":45}},"76":{"start":{"line":540,"column":8},"end":{"line":540,"column":46}},"77":{"start":{"line":548,"column":8},"end":{"line":548,"column":64}},"78":{"start":{"line":550,"column":8},"end":{"line":550,"column":46}},"79":{"start":{"line":554,"column":8},"end":{"line":554,"column":61}},"80":{"start":{"line":555,"column":8},"end":{"line":555,"column":61}},"81":{"start":{"line":557,"column":8},"end":{"line":557,"column":67}},"82":{"start":{"line":565,"column":8},"end":{"line":565,"column":63}},"83":{"start":{"line":567,"column":8},"end":{"line":567,"column":44}},"84":{"start":{"line":570,"column":8},"end":{"line":570,"column":64}},"85":{"start":{"line":580,"column":8},"end":{"line":580,"column":78}},"86":{"start":{"line":581,"column":8},"end":{"line":581,"column":45}},"87":{"start":{"line":589,"column":8},"end":{"line":589,"column":57}},"88":{"start":{"line":591,"column":8},"end":{"line":591,"column":33}},"89":{"start":{"line":595,"column":8},"end":{"line":595,"column":48}},"90":{"start":{"line":596,"column":8},"end":{"line":596,"column":40}},"91":{"start":{"line":597,"column":8},"end":{"line":597,"column":45}},"92":{"start":{"line":598,"column":8},"end":{"line":598,"column":48}},"93":{"start":{"line":599,"column":8},"end":{"line":599,"column":40}},"94":{"start":{"line":600,"column":8},"end":{"line":600,"column":45}},"95":{"start":{"line":602,"column":8},"end":{"line":602,"column":54}},"96":{"start":{"line":611,"column":8},"end":{"line":611,"column":52}},"97":{"start":{"line":620,"column":8},"end":{"line":620,"column":45}},"98":{"start":{"line":622,"column":8},"end":{"line":622,"column":63}},"99":{"start":{"line":624,"column":8},"end":{"line":624,"column":26}},"100":{"start":{"line":648,"column":8},"end":{"line":648,"column":83}},"101":{"start":{"line":656,"column":8},"end":{"line":656,"column":43}},"102":{"start":{"line":679,"column":8},"end":{"line":679,"column":44}},"103":{"start":{"line":682,"column":8},"end":{"line":682,"column":57}},"104":{"start":{"line":692,"column":8},"end":{"line":692,"column":50}},"105":{"start":{"line":703,"column":8},"end":{"line":703,"column":65}},"106":{"start":{"line":705,"column":8},"end":{"line":705,"column":25}},"107":{"start":{"line":714,"column":8},"end":{"line":714,"column":57}},"108":{"start":{"line":717,"column":8},"end":{"line":717,"column":77}},"109":{"start":{"line":720,"column":8},"end":{"line":720,"column":82}},"110":{"start":{"line":723,"column":8},"end":{"line":723,"column":59}},"111":{"start":{"line":727,"column":8},"end":{"line":727,"column":26057}},"112":{"start":{"line":728,"column":12},"end":{"line":728,"column":68}},"113":{"start":{"line":729,"column":12},"end":{"line":729,"column":26165}},"114":{"start":{"line":735,"column":8},"end":{"line":735,"column":69}},"115":{"start":{"line":738,"column":8},"end":{"line":738,"column":26534}},"116":{"start":{"line":741,"column":12},"end":{"line":741,"column":26724}},"117":{"start":{"line":752,"column":12},"end":{"line":752,"column":27097}},"118":{"start":{"line":763,"column":8},"end":{"line":763,"column":54}},"119":{"start":{"line":771,"column":8},"end":{"line":771,"column":57}},"120":{"start":{"line":774,"column":8},"end":{"line":774,"column":81}},"121":{"start":{"line":778,"column":8},"end":{"line":778,"column":86}},"122":{"start":{"line":781,"column":8},"end":{"line":781,"column":63}},"123":{"start":{"line":784,"column":8},"end":{"line":784,"column":65}},"124":{"start":{"line":785,"column":8},"end":{"line":785,"column":59}},"125":{"start":{"line":786,"column":8},"end":{"line":786,"column":70}},"126":{"start":{"line":789,"column":8},"end":{"line":789,"column":78}},"127":{"start":{"line":796,"column":8},"end":{"line":796,"column":28818}},"128":{"start":{"line":798,"column":15},"end":{"line":798,"column":28947}},"129":{"start":{"line":800,"column":15},"end":{"line":800,"column":29076}},"130":{"start":{"line":805,"column":8},"end":{"line":805,"column":41}},"131":{"start":{"line":813,"column":8},"end":{"line":813,"column":57}},"132":{"start":{"line":816,"column":8},"end":{"line":816,"column":29648}},"133":{"start":{"line":820,"column":8},"end":{"line":820,"column":63}},"134":{"start":{"line":826,"column":8},"end":{"line":826,"column":41}},"135":{"start":{"line":836,"column":8},"end":{"line":836,"column":52}},"136":{"start":{"line":844,"column":8},"end":{"line":844,"column":76}},"137":{"start":{"line":846,"column":8},"end":{"line":846,"column":34}},"138":{"start":{"line":849,"column":8},"end":{"line":849,"column":49}},"139":{"start":{"line":857,"column":8},"end":{"line":857,"column":60}},"140":{"start":{"line":859,"column":8},"end":{"line":859,"column":46}},"141":{"start":{"line":862,"column":8},"end":{"line":862,"column":67}},"142":{"start":{"line":870,"column":8},"end":{"line":870,"column":50}},"143":{"start":{"line":873,"column":8},"end":{"line":873,"column":73}},"144":{"start":{"line":881,"column":8},"end":{"line":881,"column":56}},"145":{"start":{"line":883,"column":8},"end":{"line":883,"column":46}},"146":{"start":{"line":886,"column":8},"end":{"line":886,"column":55}},"147":{"start":{"line":902,"column":8},"end":{"line":902,"column":30}},"148":{"start":{"line":913,"column":8},"end":{"line":913,"column":57}},"149":{"start":{"line":930,"column":8},"end":{"line":930,"column":22}},"150":{"start":{"line":963,"column":8},"end":{"line":963,"column":71}},"151":{"start":{"line":965,"column":8},"end":{"line":965,"column":34869}},"152":{"start":{"line":986,"column":8},"end":{"line":986,"column":60}},"153":{"start":{"line":987,"column":8},"end":{"line":987,"column":49}},"154":{"start":{"line":987,"column":43},"end":{"line":987,"column":49}},"155":{"start":{"line":990,"column":8},"end":{"line":990,"column":45}},"156":{"start":{"line":998,"column":8},"end":{"line":998,"column":50}},"157":{"start":{"line":998,"column":44},"end":{"line":998,"column":50}},"158":{"start":{"line":1003,"column":8},"end":{"line":1003,"column":36107}},"159":{"start":{"line":1004,"column":12},"end":{"line":1004,"column":36182}},"160":{"start":{"line":1006,"column":16},"end":{"line":1006,"column":40}},"161":{"start":{"line":1017,"column":8},"end":{"line":1017,"column":34}},"162":{"start":{"line":1034,"column":8},"end":{"line":1034,"column":34}},"163":{"start":{"line":1035,"column":8},"end":{"line":1035,"column":37178}},"164":{"start":{"line":1037,"column":12},"end":{"line":1037,"column":50}},"165":{"start":{"line":1041,"column":8},"end":{"line":1041,"column":46}},"166":{"start":{"line":1042,"column":8},"end":{"line":1042,"column":37406}},"167":{"start":{"line":1044,"column":12},"end":{"line":1044,"column":68}},"168":{"start":{"line":1048,"column":8},"end":{"line":1048,"column":50}},"169":{"start":{"line":1050,"column":8},"end":{"line":1050,"column":70}},"170":{"start":{"line":1053,"column":8},"end":{"line":1053,"column":46}},"171":{"start":{"line":1054,"column":8},"end":{"line":1054,"column":37855}},"172":{"start":{"line":1056,"column":12},"end":{"line":1056,"column":56}}},"branchMap":{"1":{"line":131,"type":"if","locations":[{"start":{"line":131,"column":8},"end":{"line":131,"column":8}},{"start":{"line":131,"column":8},"end":{"line":131,"column":8}}]},"2":{"line":141,"type":"if","locations":[{"start":{"line":141,"column":8},"end":{"line":141,"column":8}},{"start":{"line":141,"column":8},"end":{"line":141,"column":8}}]},"3":{"line":181,"type":"if","locations":[{"start":{"line":181,"column":8},"end":{"line":181,"column":8}},{"start":{"line":181,"column":8},"end":{"line":181,"column":8}}]},"4":{"line":189,"type":"if","locations":[{"start":{"line":189,"column":8},"end":{"line":189,"column":8}},{"start":{"line":189,"column":8},"end":{"line":189,"column":8}}]},"5":{"line":225,"type":"if","locations":[{"start":{"line":225,"column":8},"end":{"line":225,"column":8}},{"start":{"line":225,"column":8},"end":{"line":225,"column":8}}]},"6":{"line":225,"type":"cond-expr","locations":[{"start":{"line":225,"column":12},"end":{"line":225,"column":34}},{"start":{"line":225,"column":39},"end":{"line":225,"column":63}}]},"7":{"line":225,"type":"cond-expr","locations":[{"start":{"line":225,"column":12},"end":{"line":225,"column":63}},{"start":{"line":226,"column":12},"end":{"line":226,"column":37}}]},"8":{"line":225,"type":"cond-expr","locations":[{"start":{"line":225,"column":12},"end":{"line":226,"column":37}},{"start":{"line":226,"column":42},"end":{"line":226,"column":68}}]},"9":{"line":225,"type":"cond-expr","locations":[{"start":{"line":225,"column":12},"end":{"line":226,"column":68}},{"start":{"line":227,"column":12},"end":{"line":227,"column":37}}]},"10":{"line":289,"type":"if","locations":[{"start":{"line":289,"column":77},"end":{"line":289,"column":77}},{"start":{"line":289,"column":77},"end":{"line":289,"column":77}}]},"11":{"line":292,"type":"if","locations":[{"start":{"line":292,"column":8},"end":{"line":292,"column":8}},{"start":{"line":292,"column":8},"end":{"line":292,"column":8}}]},"12":{"line":324,"type":"if","locations":[{"start":{"line":324,"column":8},"end":{"line":324,"column":8}},{"start":{"line":324,"column":8},"end":{"line":324,"column":8}}]},"13":{"line":346,"type":"if","locations":[{"start":{"line":346,"column":8},"end":{"line":346,"column":8}},{"start":{"line":346,"column":8},"end":{"line":346,"column":8}}]},"14":{"line":360,"type":"if","locations":[{"start":{"line":360,"column":8},"end":{"line":360,"column":8}},{"start":{"line":360,"column":8},"end":{"line":360,"column":8}}]},"15":{"line":370,"type":"if","locations":[{"start":{"line":370,"column":62},"end":{"line":370,"column":62}},{"start":{"line":370,"column":62},"end":{"line":370,"column":62}}]},"16":{"line":373,"type":"if","locations":[{"start":{"line":373,"column":8},"end":{"line":373,"column":8}},{"start":{"line":373,"column":8},"end":{"line":373,"column":8}}]},"17":{"line":374,"type":"if","locations":[{"start":{"line":374,"column":8},"end":{"line":374,"column":8}},{"start":{"line":374,"column":8},"end":{"line":374,"column":8}}]},"18":{"line":375,"type":"if","locations":[{"start":{"line":375,"column":8},"end":{"line":375,"column":8}},{"start":{"line":375,"column":8},"end":{"line":375,"column":8}}]},"19":{"line":399,"type":"if","locations":[{"start":{"line":399,"column":8},"end":{"line":399,"column":8}},{"start":{"line":399,"column":8},"end":{"line":399,"column":8}}]},"20":{"line":416,"type":"if","locations":[{"start":{"line":416,"column":62},"end":{"line":416,"column":62}},{"start":{"line":416,"column":62},"end":{"line":416,"column":62}}]},"21":{"line":419,"type":"if","locations":[{"start":{"line":419,"column":8},"end":{"line":419,"column":8}},{"start":{"line":419,"column":8},"end":{"line":419,"column":8}}]},"22":{"line":420,"type":"if","locations":[{"start":{"line":420,"column":8},"end":{"line":420,"column":8}},{"start":{"line":420,"column":8},"end":{"line":420,"column":8}}]},"23":{"line":424,"type":"if","locations":[{"start":{"line":424,"column":8},"end":{"line":424,"column":8}},{"start":{"line":424,"column":8},"end":{"line":424,"column":8}}]},"24":{"line":425,"type":"if","locations":[{"start":{"line":425,"column":8},"end":{"line":425,"column":8}},{"start":{"line":425,"column":8},"end":{"line":425,"column":8}}]},"25":{"line":468,"type":"if","locations":[{"start":{"line":468,"column":64},"end":{"line":468,"column":64}},{"start":{"line":468,"column":64},"end":{"line":468,"column":64}}]},"26":{"line":472,"type":"if","locations":[{"start":{"line":472,"column":8},"end":{"line":472,"column":8}},{"start":{"line":472,"column":8},"end":{"line":472,"column":8}}]},"27":{"line":473,"type":"if","locations":[{"start":{"line":473,"column":8},"end":{"line":473,"column":8}},{"start":{"line":473,"column":8},"end":{"line":473,"column":8}}]},"28":{"line":474,"type":"if","locations":[{"start":{"line":474,"column":8},"end":{"line":474,"column":8}},{"start":{"line":474,"column":8},"end":{"line":474,"column":8}}]},"29":{"line":482,"type":"if","locations":[{"start":{"line":482,"column":12},"end":{"line":482,"column":12}},{"start":{"line":482,"column":12},"end":{"line":482,"column":12}}]},"30":{"line":528,"type":"if","locations":[{"start":{"line":528,"column":53},"end":{"line":528,"column":53}},{"start":{"line":528,"column":53},"end":{"line":528,"column":53}}]},"31":{"line":529,"type":"if","locations":[{"start":{"line":529,"column":8},"end":{"line":529,"column":8}},{"start":{"line":529,"column":8},"end":{"line":529,"column":8}}]},"32":{"line":547,"type":"if","locations":[{"start":{"line":547,"column":67},"end":{"line":547,"column":67}},{"start":{"line":547,"column":67},"end":{"line":547,"column":67}}]},"33":{"line":548,"type":"if","locations":[{"start":{"line":548,"column":8},"end":{"line":548,"column":8}},{"start":{"line":548,"column":8},"end":{"line":548,"column":8}}]},"34":{"line":564,"type":"if","locations":[{"start":{"line":564,"column":65},"end":{"line":564,"column":65}},{"start":{"line":564,"column":65},"end":{"line":564,"column":65}}]},"35":{"line":565,"type":"if","locations":[{"start":{"line":565,"column":8},"end":{"line":565,"column":8}},{"start":{"line":565,"column":8},"end":{"line":565,"column":8}}]},"36":{"line":579,"type":"if","locations":[{"start":{"line":579,"column":89},"end":{"line":579,"column":89}},{"start":{"line":579,"column":89},"end":{"line":579,"column":89}}]},"37":{"line":580,"type":"if","locations":[{"start":{"line":580,"column":8},"end":{"line":580,"column":8}},{"start":{"line":580,"column":8},"end":{"line":580,"column":8}}]},"38":{"line":580,"type":"cond-expr","locations":[{"start":{"line":580,"column":12},"end":{"line":580,"column":30}},{"start":{"line":580,"column":35},"end":{"line":580,"column":55}}]},"39":{"line":588,"type":"if","locations":[{"start":{"line":588,"column":59},"end":{"line":588,"column":59}},{"start":{"line":588,"column":59},"end":{"line":588,"column":59}}]},"40":{"line":589,"type":"if","locations":[{"start":{"line":589,"column":8},"end":{"line":589,"column":8}},{"start":{"line":589,"column":8},"end":{"line":589,"column":8}}]},"41":{"line":622,"type":"if","locations":[{"start":{"line":622,"column":8},"end":{"line":622,"column":8}},{"start":{"line":622,"column":8},"end":{"line":622,"column":8}}]},"42":{"line":648,"type":"if","locations":[{"start":{"line":648,"column":8},"end":{"line":648,"column":8}},{"start":{"line":648,"column":8},"end":{"line":648,"column":8}}]},"43":{"line":656,"type":"if","locations":[{"start":{"line":656,"column":8},"end":{"line":656,"column":8}},{"start":{"line":656,"column":8},"end":{"line":656,"column":8}}]},"44":{"line":673,"type":"if","locations":[{"start":{"line":673,"column":15},"end":{"line":673,"column":15}},{"start":{"line":673,"column":15},"end":{"line":673,"column":15}}]},"45":{"line":713,"type":"if","locations":[{"start":{"line":713,"column":61},"end":{"line":713,"column":61}},{"start":{"line":713,"column":61},"end":{"line":713,"column":61}}]},"46":{"line":713,"type":"if","locations":[{"start":{"line":713,"column":75},"end":{"line":713,"column":75}},{"start":{"line":713,"column":75},"end":{"line":713,"column":75}}]},"47":{"line":717,"type":"if","locations":[{"start":{"line":717,"column":8},"end":{"line":717,"column":8}},{"start":{"line":717,"column":8},"end":{"line":717,"column":8}}]},"48":{"line":720,"type":"if","locations":[{"start":{"line":720,"column":8},"end":{"line":720,"column":8}},{"start":{"line":720,"column":8},"end":{"line":720,"column":8}}]},"49":{"line":727,"type":"if","locations":[{"start":{"line":727,"column":8},"end":{"line":727,"column":8}},{"start":{"line":727,"column":8},"end":{"line":727,"column":8}}]},"50":{"line":729,"type":"if","locations":[{"start":{"line":729,"column":12},"end":{"line":729,"column":12}},{"start":{"line":729,"column":12},"end":{"line":729,"column":12}}]},"51":{"line":738,"type":"if","locations":[{"start":{"line":738,"column":8},"end":{"line":738,"column":8}},{"start":{"line":738,"column":8},"end":{"line":738,"column":8}}]},"52":{"line":741,"type":"if","locations":[{"start":{"line":741,"column":12},"end":{"line":741,"column":12}},{"start":{"line":741,"column":12},"end":{"line":741,"column":12}}]},"53":{"line":752,"type":"if","locations":[{"start":{"line":752,"column":12},"end":{"line":752,"column":12}},{"start":{"line":752,"column":12},"end":{"line":752,"column":12}}]},"54":{"line":770,"type":"if","locations":[{"start":{"line":770,"column":58},"end":{"line":770,"column":58}},{"start":{"line":770,"column":58},"end":{"line":770,"column":58}}]},"55":{"line":770,"type":"if","locations":[{"start":{"line":770,"column":72},"end":{"line":770,"column":72}},{"start":{"line":770,"column":72},"end":{"line":770,"column":72}}]},"56":{"line":774,"type":"if","locations":[{"start":{"line":774,"column":8},"end":{"line":774,"column":8}},{"start":{"line":774,"column":8},"end":{"line":774,"column":8}}]},"57":{"line":778,"type":"if","locations":[{"start":{"line":778,"column":8},"end":{"line":778,"column":8}},{"start":{"line":778,"column":8},"end":{"line":778,"column":8}}]},"58":{"line":781,"type":"if","locations":[{"start":{"line":781,"column":8},"end":{"line":781,"column":8}},{"start":{"line":781,"column":8},"end":{"line":781,"column":8}}]},"59":{"line":786,"type":"if","locations":[{"start":{"line":786,"column":8},"end":{"line":786,"column":8}},{"start":{"line":786,"column":8},"end":{"line":786,"column":8}}]},"60":{"line":789,"type":"if","locations":[{"start":{"line":789,"column":8},"end":{"line":789,"column":8}},{"start":{"line":789,"column":8},"end":{"line":789,"column":8}}]},"61":{"line":796,"type":"if","locations":[{"start":{"line":796,"column":8},"end":{"line":796,"column":8}},{"start":{"line":796,"column":8},"end":{"line":796,"column":8}}]},"62":{"line":798,"type":"if","locations":[{"start":{"line":798,"column":15},"end":{"line":798,"column":15}},{"start":{"line":798,"column":15},"end":{"line":798,"column":15}}]},"63":{"line":800,"type":"if","locations":[{"start":{"line":800,"column":15},"end":{"line":800,"column":15}},{"start":{"line":800,"column":15},"end":{"line":800,"column":15}}]},"64":{"line":812,"type":"if","locations":[{"start":{"line":812,"column":57},"end":{"line":812,"column":57}},{"start":{"line":812,"column":57},"end":{"line":812,"column":57}}]},"65":{"line":816,"type":"if","locations":[{"start":{"line":816,"column":8},"end":{"line":816,"column":8}},{"start":{"line":816,"column":8},"end":{"line":816,"column":8}}]},"66":{"line":820,"type":"if","locations":[{"start":{"line":820,"column":8},"end":{"line":820,"column":8}},{"start":{"line":820,"column":8},"end":{"line":820,"column":8}}]},"67":{"line":835,"type":"if","locations":[{"start":{"line":835,"column":71},"end":{"line":835,"column":71}},{"start":{"line":835,"column":71},"end":{"line":835,"column":71}}]},"68":{"line":843,"type":"if","locations":[{"start":{"line":843,"column":55},"end":{"line":843,"column":55}},{"start":{"line":843,"column":55},"end":{"line":843,"column":55}}]},"69":{"line":844,"type":"if","locations":[{"start":{"line":844,"column":8},"end":{"line":844,"column":8}},{"start":{"line":844,"column":8},"end":{"line":844,"column":8}}]},"70":{"line":844,"type":"cond-expr","locations":[{"start":{"line":844,"column":12},"end":{"line":844,"column":26}},{"start":{"line":844,"column":31},"end":{"line":844,"column":48}}]},"71":{"line":856,"type":"if","locations":[{"start":{"line":856,"column":67},"end":{"line":856,"column":67}},{"start":{"line":856,"column":67},"end":{"line":856,"column":67}}]},"72":{"line":857,"type":"if","locations":[{"start":{"line":857,"column":8},"end":{"line":857,"column":8}},{"start":{"line":857,"column":8},"end":{"line":857,"column":8}}]},"73":{"line":869,"type":"if","locations":[{"start":{"line":869,"column":71},"end":{"line":869,"column":71}},{"start":{"line":869,"column":71},"end":{"line":869,"column":71}}]},"74":{"line":880,"type":"if","locations":[{"start":{"line":880,"column":59},"end":{"line":880,"column":59}},{"start":{"line":880,"column":59},"end":{"line":880,"column":59}}]},"75":{"line":881,"type":"if","locations":[{"start":{"line":881,"column":8},"end":{"line":881,"column":8}},{"start":{"line":881,"column":8},"end":{"line":881,"column":8}}]},"76":{"line":893,"type":"if","locations":[{"start":{"line":893,"column":46},"end":{"line":893,"column":46}},{"start":{"line":893,"column":46},"end":{"line":893,"column":46}}]},"77":{"line":910,"type":"if","locations":[{"start":{"line":910,"column":66},"end":{"line":910,"column":66}},{"start":{"line":910,"column":66},"end":{"line":910,"column":66}}]},"78":{"line":949,"type":"if","locations":[{"start":{"line":949,"column":59},"end":{"line":949,"column":59}},{"start":{"line":949,"column":59},"end":{"line":949,"column":59}}]},"79":{"line":985,"type":"if","locations":[{"start":{"line":985,"column":62},"end":{"line":985,"column":62}},{"start":{"line":985,"column":62},"end":{"line":985,"column":62}}]},"80":{"line":986,"type":"if","locations":[{"start":{"line":986,"column":8},"end":{"line":986,"column":8}},{"start":{"line":986,"column":8},"end":{"line":986,"column":8}}]},"81":{"line":987,"type":"if","locations":[{"start":{"line":987,"column":8},"end":{"line":987,"column":8}},{"start":{"line":987,"column":8},"end":{"line":987,"column":8}}]},"82":{"line":997,"type":"if","locations":[{"start":{"line":997,"column":65},"end":{"line":997,"column":65}},{"start":{"line":997,"column":65},"end":{"line":997,"column":65}}]},"83":{"line":998,"type":"if","locations":[{"start":{"line":998,"column":8},"end":{"line":998,"column":8}},{"start":{"line":998,"column":8},"end":{"line":998,"column":8}}]},"84":{"line":1004,"type":"if","locations":[{"start":{"line":1004,"column":12},"end":{"line":1004,"column":12}},{"start":{"line":1004,"column":12},"end":{"line":1004,"column":12}}]},"85":{"line":1032,"type":"if","locations":[{"start":{"line":1032,"column":15},"end":{"line":1032,"column":15}},{"start":{"line":1032,"column":15},"end":{"line":1032,"column":15}}]},"86":{"line":1035,"type":"if","locations":[{"start":{"line":1035,"column":8},"end":{"line":1035,"column":8}},{"start":{"line":1035,"column":8},"end":{"line":1035,"column":8}}]},"87":{"line":1042,"type":"if","locations":[{"start":{"line":1042,"column":8},"end":{"line":1042,"column":8}},{"start":{"line":1042,"column":8},"end":{"line":1042,"column":8}}]},"88":{"line":1054,"type":"if","locations":[{"start":{"line":1054,"column":8},"end":{"line":1054,"column":8}},{"start":{"line":1054,"column":8},"end":{"line":1054,"column":8}}]},"89":{"line":1063,"type":"if","locations":[{"start":{"line":1063,"column":30},"end":{"line":1063,"column":30}},{"start":{"line":1063,"column":30},"end":{"line":1063,"column":30}}]},"90":{"line":1070,"type":"if","locations":[{"start":{"line":1070,"column":32},"end":{"line":1070,"column":32}},{"start":{"line":1070,"column":32},"end":{"line":1070,"column":32}}]}}},"contracts/core/ProtocolDAO.sol":{"l":{"71":0,"72":0,"79":0,"80":0,"98":0,"99":0,"101":0,"102":0,"103":0,"104":0,"105":0,"106":0,"107":0,"124":0,"125":0,"126":0,"129":0,"130":0,"133":0,"149":0,"151":0,"160":0,"162":0,"163":0,"164":0,"165":0,"166":0,"169":0,"172":0,"173":0,"175":0,"179":0,"188":0,"189":0,"190":0,"191":0,"192":0,"196":0,"197":0,"198":0,"199":0,"200":0,"201":0,"202":0,"203":0,"204":0,"208":0,"209":0,"210":0,"219":0,"221":0,"222":0,"223":0,"226":0,"229":0,"237":0,"239":0,"240":0,"242":0,"250":0,"251":0,"253":0,"261":0,"263":0,"264":0,"266":0,"280":0,"282":0,"284":0,"292":0,"293":0,"301":0,"302":0,"310":0,"311":0,"325":0,"333":0},"path":"/Users/apple/Downloads/windsurf-dloop/contracts/core/ProtocolDAO.sol","s":{"1":0,"2":0,"3":0,"4":0,"5":0,"6":0,"7":0,"8":0,"9":0,"10":0,"11":0,"12":0,"13":0,"14":0,"15":0,"16":0,"17":0,"18":0,"19":0,"20":0,"21":0,"22":0,"23":0,"24":0,"25":0,"26":0,"27":0,"28":0,"29":0,"30":0,"31":0,"32":0,"33":0,"34":0,"35":0,"36":0,"37":0,"38":0,"39":0,"40":0,"41":0,"42":0,"43":0,"44":0,"45":0,"46":0,"47":0,"48":0,"49":0,"50":0,"51":0,"52":0,"53":0},"b":{"1":[0,0],"2":[0,0],"3":[0,0],"4":[0,0],"5":[0,0],"6":[0,0],"7":[0,0],"8":[0,0],"9":[0,0],"10":[0,0],"11":[0,0],"12":[0,0],"13":[0,0],"14":[0,0],"15":[0,0],"16":[0,0],"17":[0,0],"18":[0,0],"19":[0,0],"20":[0,0],"21":[0,0],"22":[0,0],"23":[0,0],"24":[0,0],"25":[0,0],"26":[0,0],"27":[0,0],"28":[0,0],"29":[0,0],"30":[0,0],"31":[0,0],"32":[0,0],"33":[0,0],"34":[0,0],"35":[0,0],"36":[0,0],"37":[0,0],"38":[0,0],"39":[0,0],"40":[0,0],"41":[0,0],"42":[0,0]},"f":{"1":0,"2":0,"3":0,"4":0,"5":0,"6":0,"7":0,"8":0,"9":0,"10":0,"11":0,"12":0,"13":0,"14":0,"15":0,"16":0,"17":0,"18":0},"fnMap":{"1":{"name":"onlyOwner","line":70,"loc":{"start":{"line":70,"column":4},"end":{"line":73,"column":4}}},"2":{"name":"onlyAdmin","line":78,"loc":{"start":{"line":78,"column":4},"end":{"line":81,"column":4}}},"3":{"name":"constructor","line":91,"loc":{"start":{"line":91,"column":4},"end":{"line":108,"column":4}}},"4":{"name":"createProposal","line":118,"loc":{"start":{"line":118,"column":4},"end":{"line":152,"column":4}}},"5":{"name":"castVote","line":159,"loc":{"start":{"line":159,"column":4},"end":{"line":180,"column":4}}},"6":{"name":"executeProposal","line":187,"loc":{"start":{"line":187,"column":4},"end":{"line":193,"column":4}}},"7":{"name":"_validateProposalForExecution","line":195,"loc":{"start":{"line":195,"column":4},"end":{"line":205,"column":4}}},"8":{"name":"_executeProposalCalls","line":207,"loc":{"start":{"line":207,"column":4},"end":{"line":212,"column":4}}},"9":{"name":"cancelProposal","line":218,"loc":{"start":{"line":218,"column":4},"end":{"line":230,"column":4}}},"10":{"name":"updateVotingPeriod","line":236,"loc":{"start":{"line":236,"column":4},"end":{"line":243,"column":4}}},"11":{"name":"updateExecutionDelay","line":249,"loc":{"start":{"line":249,"column":4},"end":{"line":254,"column":4}}},"12":{"name":"updateQuorum","line":260,"loc":{"start":{"line":260,"column":4},"end":{"line":267,"column":4}}},"13":{"name":"whitelistToken","line":279,"loc":{"start":{"line":279,"column":4},"end":{"line":285,"column":4}}},"14":{"name":"updateTreasury","line":291,"loc":{"start":{"line":291,"column":4},"end":{"line":294,"column":4}}},"15":{"name":"updateAdmin","line":300,"loc":{"start":{"line":300,"column":4},"end":{"line":303,"column":4}}},"16":{"name":"transferOwnership","line":309,"loc":{"start":{"line":309,"column":4},"end":{"line":312,"column":4}}},"17":{"name":"isTokenWhitelisted","line":324,"loc":{"start":{"line":324,"column":4},"end":{"line":326,"column":4}}},"18":{"name":"getProposalCount","line":332,"loc":{"start":{"line":332,"column":4},"end":{"line":334,"column":4}}}},"statementMap":{"1":{"start":{"line":71,"column":8},"end":{"line":71,"column":56}},"2":{"start":{"line":79,"column":8},"end":{"line":79,"column":79}},"3":{"start":{"line":98,"column":8},"end":{"line":98,"column":81}},"4":{"start":{"line":99,"column":8},"end":{"line":99,"column":65}},"5":{"start":{"line":124,"column":8},"end":{"line":124,"column":55}},"6":{"start":{"line":125,"column":8},"end":{"line":125,"column":4375}},"7":{"start":{"line":130,"column":8},"end":{"line":130,"column":44}},"8":{"start":{"line":149,"column":8},"end":{"line":149,"column":65}},"9":{"start":{"line":151,"column":8},"end":{"line":151,"column":25}},"10":{"start":{"line":160,"column":8},"end":{"line":160,"column":57}},"11":{"start":{"line":162,"column":8},"end":{"line":162,"column":70}},"12":{"start":{"line":163,"column":8},"end":{"line":163,"column":63}},"13":{"start":{"line":164,"column":8},"end":{"line":164,"column":59}},"14":{"start":{"line":165,"column":8},"end":{"line":165,"column":71}},"15":{"start":{"line":166,"column":8},"end":{"line":166,"column":67}},"16":{"start":{"line":172,"column":8},"end":{"line":172,"column":5988}},"17":{"start":{"line":179,"column":8},"end":{"line":179,"column":54}},"18":{"start":{"line":188,"column":8},"end":{"line":188,"column":57}},"19":{"start":{"line":189,"column":8},"end":{"line":189,"column":46}},"20":{"start":{"line":191,"column":8},"end":{"line":191,"column":38}},"21":{"start":{"line":192,"column":8},"end":{"line":192,"column":41}},"22":{"start":{"line":196,"column":8},"end":{"line":196,"column":70}},"23":{"start":{"line":197,"column":8},"end":{"line":197,"column":63}},"24":{"start":{"line":198,"column":8},"end":{"line":198,"column":59}},"25":{"start":{"line":199,"column":8},"end":{"line":199,"column":77}},"26":{"start":{"line":200,"column":8},"end":{"line":200,"column":96}},"27":{"start":{"line":201,"column":8},"end":{"line":201,"column":70}},"28":{"start":{"line":202,"column":8},"end":{"line":202,"column":57}},"29":{"start":{"line":203,"column":8},"end":{"line":203,"column":70}},"30":{"start":{"line":204,"column":8},"end":{"line":204,"column":64}},"31":{"start":{"line":208,"column":8},"end":{"line":208,"column":7507}},"32":{"start":{"line":209,"column":12},"end":{"line":209,"column":105}},"33":{"start":{"line":210,"column":12},"end":{"line":210,"column":50}},"34":{"start":{"line":219,"column":8},"end":{"line":219,"column":57}},"35":{"start":{"line":221,"column":8},"end":{"line":221,"column":70}},"36":{"start":{"line":222,"column":8},"end":{"line":222,"column":63}},"37":{"start":{"line":223,"column":8},"end":{"line":223,"column":59}},"38":{"start":{"line":229,"column":8},"end":{"line":229,"column":41}},"39":{"start":{"line":237,"column":8},"end":{"line":237,"column":57}},"40":{"start":{"line":239,"column":8},"end":{"line":239,"column":46}},"41":{"start":{"line":242,"column":8},"end":{"line":242,"column":80}},"42":{"start":{"line":250,"column":8},"end":{"line":250,"column":50}},"43":{"start":{"line":253,"column":8},"end":{"line":253,"column":86}},"44":{"start":{"line":261,"column":8},"end":{"line":261,"column":71}},"45":{"start":{"line":263,"column":8},"end":{"line":263,"column":34}},"46":{"start":{"line":266,"column":8},"end":{"line":266,"column":62}},"47":{"start":{"line":280,"column":8},"end":{"line":280,"column":53}},"48":{"start":{"line":284,"column":8},"end":{"line":284,"column":44}},"49":{"start":{"line":292,"column":8},"end":{"line":292,"column":60}},"50":{"start":{"line":301,"column":8},"end":{"line":301,"column":57}},"51":{"start":{"line":310,"column":8},"end":{"line":310,"column":57}},"52":{"start":{"line":325,"column":8},"end":{"line":325,"column":39}},"53":{"start":{"line":333,"column":8},"end":{"line":333,"column":30}}},"branchMap":{"1":{"line":71,"type":"if","locations":[{"start":{"line":71,"column":8},"end":{"line":71,"column":8}},{"start":{"line":71,"column":8},"end":{"line":71,"column":8}}]},"2":{"line":79,"type":"if","locations":[{"start":{"line":79,"column":8},"end":{"line":79,"column":8}},{"start":{"line":79,"column":8},"end":{"line":79,"column":8}}]},"3":{"line":98,"type":"if","locations":[{"start":{"line":98,"column":8},"end":{"line":98,"column":8}},{"start":{"line":98,"column":8},"end":{"line":98,"column":8}}]},"4":{"line":98,"type":"cond-expr","locations":[{"start":{"line":98,"column":12},"end":{"line":98,"column":31}},{"start":{"line":98,"column":36},"end":{"line":98,"column":58}}]},"5":{"line":99,"type":"if","locations":[{"start":{"line":99,"column":8},"end":{"line":99,"column":8}},{"start":{"line":99,"column":8},"end":{"line":99,"column":8}}]},"6":{"line":99,"type":"cond-expr","locations":[{"start":{"line":99,"column":12},"end":{"line":99,"column":23}},{"start":{"line":99,"column":28},"end":{"line":99,"column":40}}]},"7":{"line":124,"type":"if","locations":[{"start":{"line":124,"column":8},"end":{"line":124,"column":8}},{"start":{"line":124,"column":8},"end":{"line":124,"column":8}}]},"8":{"line":125,"type":"if","locations":[{"start":{"line":125,"column":8},"end":{"line":125,"column":8}},{"start":{"line":125,"column":8},"end":{"line":125,"column":8}}]},"9":{"line":125,"type":"cond-expr","locations":[{"start":{"line":125,"column":12},"end":{"line":125,"column":42}},{"start":{"line":125,"column":47},"end":{"line":125,"column":80}}]},"10":{"line":162,"type":"if","locations":[{"start":{"line":162,"column":8},"end":{"line":162,"column":8}},{"start":{"line":162,"column":8},"end":{"line":162,"column":8}}]},"11":{"line":163,"type":"if","locations":[{"start":{"line":163,"column":8},"end":{"line":163,"column":8}},{"start":{"line":163,"column":8},"end":{"line":163,"column":8}}]},"12":{"line":164,"type":"if","locations":[{"start":{"line":164,"column":8},"end":{"line":164,"column":8}},{"start":{"line":164,"column":8},"end":{"line":164,"column":8}}]},"13":{"line":165,"type":"if","locations":[{"start":{"line":165,"column":8},"end":{"line":165,"column":8}},{"start":{"line":165,"column":8},"end":{"line":165,"column":8}}]},"14":{"line":166,"type":"if","locations":[{"start":{"line":166,"column":8},"end":{"line":166,"column":8}},{"start":{"line":166,"column":8},"end":{"line":166,"column":8}}]},"15":{"line":172,"type":"if","locations":[{"start":{"line":172,"column":8},"end":{"line":172,"column":8}},{"start":{"line":172,"column":8},"end":{"line":172,"column":8}}]},"16":{"line":187,"type":"if","locations":[{"start":{"line":187,"column":58},"end":{"line":187,"column":58}},{"start":{"line":187,"column":58},"end":{"line":187,"column":58}}]},"17":{"line":196,"type":"if","locations":[{"start":{"line":196,"column":8},"end":{"line":196,"column":8}},{"start":{"line":196,"column":8},"end":{"line":196,"column":8}}]},"18":{"line":197,"type":"if","locations":[{"start":{"line":197,"column":8},"end":{"line":197,"column":8}},{"start":{"line":197,"column":8},"end":{"line":197,"column":8}}]},"19":{"line":198,"type":"if","locations":[{"start":{"line":198,"column":8},"end":{"line":198,"column":8}},{"start":{"line":198,"column":8},"end":{"line":198,"column":8}}]},"20":{"line":199,"type":"if","locations":[{"start":{"line":199,"column":8},"end":{"line":199,"column":8}},{"start":{"line":199,"column":8},"end":{"line":199,"column":8}}]},"21":{"line":200,"type":"if","locations":[{"start":{"line":200,"column":8},"end":{"line":200,"column":8}},{"start":{"line":200,"column":8},"end":{"line":200,"column":8}}]},"22":{"line":202,"type":"if","locations":[{"start":{"line":202,"column":8},"end":{"line":202,"column":8}},{"start":{"line":202,"column":8},"end":{"line":202,"column":8}}]},"23":{"line":204,"type":"if","locations":[{"start":{"line":204,"column":8},"end":{"line":204,"column":8}},{"start":{"line":204,"column":8},"end":{"line":204,"column":8}}]},"24":{"line":210,"type":"if","locations":[{"start":{"line":210,"column":12},"end":{"line":210,"column":12}},{"start":{"line":210,"column":12},"end":{"line":210,"column":12}}]},"25":{"line":218,"type":"if","locations":[{"start":{"line":218,"column":57},"end":{"line":218,"column":57}},{"start":{"line":218,"column":57},"end":{"line":218,"column":57}}]},"26":{"line":221,"type":"if","locations":[{"start":{"line":221,"column":8},"end":{"line":221,"column":8}},{"start":{"line":221,"column":8},"end":{"line":221,"column":8}}]},"27":{"line":222,"type":"if","locations":[{"start":{"line":222,"column":8},"end":{"line":222,"column":8}},{"start":{"line":222,"column":8},"end":{"line":222,"column":8}}]},"28":{"line":223,"type":"if","locations":[{"start":{"line":223,"column":8},"end":{"line":223,"column":8}},{"start":{"line":223,"column":8},"end":{"line":223,"column":8}}]},"29":{"line":236,"type":"if","locations":[{"start":{"line":236,"column":67},"end":{"line":236,"column":67}},{"start":{"line":236,"column":67},"end":{"line":236,"column":67}}]},"30":{"line":237,"type":"if","locations":[{"start":{"line":237,"column":8},"end":{"line":237,"column":8}},{"start":{"line":237,"column":8},"end":{"line":237,"column":8}}]},"31":{"line":249,"type":"if","locations":[{"start":{"line":249,"column":71},"end":{"line":249,"column":71}},{"start":{"line":249,"column":71},"end":{"line":249,"column":71}}]},"32":{"line":260,"type":"if","locations":[{"start":{"line":260,"column":55},"end":{"line":260,"column":55}},{"start":{"line":260,"column":55},"end":{"line":260,"column":55}}]},"33":{"line":261,"type":"if","locations":[{"start":{"line":261,"column":8},"end":{"line":261,"column":8}},{"start":{"line":261,"column":8},"end":{"line":261,"column":8}}]},"34":{"line":261,"type":"cond-expr","locations":[{"start":{"line":261,"column":12},"end":{"line":261,"column":26}},{"start":{"line":261,"column":31},"end":{"line":261,"column":46}}]},"35":{"line":279,"type":"if","locations":[{"start":{"line":279,"column":65},"end":{"line":279,"column":65}},{"start":{"line":279,"column":65},"end":{"line":279,"column":65}}]},"36":{"line":280,"type":"if","locations":[{"start":{"line":280,"column":8},"end":{"line":280,"column":8}},{"start":{"line":280,"column":8},"end":{"line":280,"column":8}}]},"37":{"line":291,"type":"if","locations":[{"start":{"line":291,"column":59},"end":{"line":291,"column":59}},{"start":{"line":291,"column":59},"end":{"line":291,"column":59}}]},"38":{"line":292,"type":"if","locations":[{"start":{"line":292,"column":8},"end":{"line":292,"column":8}},{"start":{"line":292,"column":8},"end":{"line":292,"column":8}}]},"39":{"line":300,"type":"if","locations":[{"start":{"line":300,"column":53},"end":{"line":300,"column":53}},{"start":{"line":300,"column":53},"end":{"line":300,"column":53}}]},"40":{"line":301,"type":"if","locations":[{"start":{"line":301,"column":8},"end":{"line":301,"column":8}},{"start":{"line":301,"column":8},"end":{"line":301,"column":8}}]},"41":{"line":309,"type":"if","locations":[{"start":{"line":309,"column":59},"end":{"line":309,"column":59}},{"start":{"line":309,"column":59},"end":{"line":309,"column":59}}]},"42":{"line":310,"type":"if","locations":[{"start":{"line":310,"column":8},"end":{"line":310,"column":8}},{"start":{"line":310,"column":8},"end":{"line":310,"column":8}}]}}},"contracts/fees/FeeCalculator.sol":{"l":{"56":0,"57":0,"61":0,"62":0,"70":0,"71":0,"72":0,"92":0,"96":0,"101":0,"102":0,"105":0,"106":0,"109":0,"110":0,"114":0,"115":0,"118":0,"119":0,"121":0,"122":0,"124":0,"125":0,"126":0,"129":0,"130":0,"133":0,"142":0,"151":0,"160":0,"168":0,"169":0,"170":0,"178":0,"179":0,"189":0,"192":0,"195":0,"198":0,"201":0,"202":0,"205":0,"208":0,"210":0,"220":0,"223":0,"226":0,"229":0,"232":0,"233":0,"236":0,"239":0,"241":0,"251":0,"254":0,"257":0,"260":0,"263":0,"264":0,"267":0,"270":0,"272":0,"305":0,"307":0,"308":0,"310":0,"318":0,"320":0,"321":0,"323":0,"331":0,"333":0,"334":0,"336":0,"348":0,"349":0,"351":0,"352":0,"354":0,"362":0,"364":0,"365":0,"368":0,"369":0,"371":0,"379":0,"381":0,"382":0,"385":0,"386":0,"388":0,"396":0,"398":0,"399":0,"402":0,"403":0,"404":0,"407":0,"408":0,"410":0,"418":0,"420":0,"421":0,"424":0,"425":0,"428":0,"429":0,"431":0,"439":0,"447":0,"455":0,"467":0,"476":0,"478":0,"479":0,"481":0,"484":0,"487":0,"488":0,"490":0,"491":0,"494":0,"497":0,"500":0,"502":0,"510":0,"518":0,"527":0,"528":0,"545":0,"549":0,"550":0,"553":0,"555":0,"558":0,"561":0,"562":0,"565":0,"566":0,"570":0,"571":0,"574":0,"575":0,"580":0},"path":"/Users/apple/Downloads/windsurf-dloop/contracts/fees/FeeCalculator.sol","s":{"1":0,"2":0,"3":0,"4":0,"5":0,"6":0,"7":0,"8":0,"9":0,"10":0,"11":0,"12":0,"13":0,"14":0,"15":0,"16":0,"17":0,"18":0,"19":0,"20":0,"21":0,"22":0,"23":0,"24":0,"25":0,"26":0,"27":0,"28":0,"29":0,"30":0,"31":0,"32":0,"33":0,"34":0,"35":0,"36":0,"37":0,"38":0,"39":0,"40":0,"41":0,"42":0,"43":0,"44":0,"45":0,"46":0,"47":0,"48":0,"49":0,"50":0,"51":0,"52":0,"53":0,"54":0,"55":0,"56":0,"57":0,"58":0,"59":0,"60":0,"61":0,"62":0,"63":0,"64":0,"65":0,"66":0,"67":0,"68":0,"69":0,"70":0,"71":0,"72":0,"73":0,"74":0,"75":0,"76":0,"77":0,"78":0,"79":0,"80":0,"81":0,"82":0,"83":0,"84":0,"85":0,"86":0,"87":0,"88":0,"89":0,"90":0,"91":0,"92":0,"93":0,"94":0,"95":0,"96":0,"97":0,"98":0,"99":0,"100":0,"101":0,"102":0,"103":0,"104":0,"105":0,"106":0,"107":0,"108":0,"109":0,"110":0,"111":0,"112":0,"113":0,"114":0},"b":{"1":[0,0],"2":[0,0],"3":[0,0],"4":[0,0],"5":[0,0],"6":[0,0],"7":[0,0],"8":[0,0],"9":[0,0],"10":[0,0],"11":[0,0],"12":[0,0],"13":[0,0],"14":[0,0],"15":[0,0],"16":[0,0],"17":[0,0],"18":[0,0],"19":[0,0],"20":[0,0],"21":[0,0],"22":[0,0],"23":[0,0],"24":[0,0],"25":[0,0],"26":[0,0],"27":[0,0],"28":[0,0],"29":[0,0],"30":[0,0],"31":[0,0],"32":[0,0],"33":[0,0],"34":[0,0],"35":[0,0],"36":[0,0],"37":[0,0],"38":[0,0],"39":[0,0],"40":[0,0],"41":[0,0],"42":[0,0],"43":[0,0],"44":[0,0],"45":[0,0],"46":[0,0],"47":[0,0],"48":[0,0],"49":[0,0],"50":[0,0],"51":[0,0],"52":[0,0],"53":[0,0],"54":[0,0],"55":[0,0]},"f":{"1":0,"2":0,"3":0,"4":0,"5":0,"6":0,"7":0,"8":0,"9":0,"10":0,"11":0,"12":0,"13":0,"14":0,"15":0,"16":0,"17":0,"18":0,"19":0,"20":0,"21":0,"22":0,"23":0,"24":0,"25":0,"26":0,"27":0,"28":0,"29":0},"fnMap":{"1":{"name":"onlyOwner","line":55,"loc":{"start":{"line":55,"column":4},"end":{"line":58,"column":4}}},"2":{"name":"onlyFeeAdmin","line":60,"loc":{"start":{"line":60,"column":4},"end":{"line":63,"column":4}}},"3":{"name":"validDestination","line":69,"loc":{"start":{"line":69,"column":4},"end":{"line":73,"column":4}}},"4":{"name":"constructor","line":84,"loc":{"start":{"line":84,"column":4},"end":{"line":134,"column":4}}},"5":{"name":"calculateInvestFee","line":141,"loc":{"start":{"line":141,"column":4},"end":{"line":143,"column":4}}},"6":{"name":"calculateDivestFee","line":150,"loc":{"start":{"line":150,"column":4},"end":{"line":152,"column":4}}},"7":{"name":"calculateRagequitFee","line":159,"loc":{"start":{"line":159,"column":4},"end":{"line":161,"column":4}}},"8":{"name":"setApprovalOptimizer","line":167,"loc":{"start":{"line":167,"column":4},"end":{"line":171,"column":4}}},"9":{"name":"toggleApprovalOptimization","line":177,"loc":{"start":{"line":177,"column":4},"end":{"line":180,"column":4}}},"10":{"name":"processInvestFee","line":187,"loc":{"start":{"line":187,"column":4},"end":{"line":211,"column":4}}},"11":{"name":"processDivestFee","line":218,"loc":{"start":{"line":218,"column":4},"end":{"line":242,"column":4}}},"12":{"name":"processRagequitFee","line":249,"loc":{"start":{"line":249,"column":4},"end":{"line":273,"column":4}}},"13":{"name":"updateInvestFeePercentage","line":304,"loc":{"start":{"line":304,"column":4},"end":{"line":311,"column":4}}},"14":{"name":"updateDivestFeePercentage","line":317,"loc":{"start":{"line":317,"column":4},"end":{"line":324,"column":4}}},"15":{"name":"updateRagequitFeePercentage","line":330,"loc":{"start":{"line":330,"column":4},"end":{"line":337,"column":4}}},"16":{"name":"updateDistributionPercentages","line":347,"loc":{"start":{"line":344,"column":4},"end":{"line":355,"column":4}}},"17":{"name":"updateTreasury","line":361,"loc":{"start":{"line":361,"column":4},"end":{"line":372,"column":4}}},"18":{"name":"updateRewardDistributor","line":378,"loc":{"start":{"line":378,"column":4},"end":{"line":389,"column":4}}},"19":{"name":"updateFeeAdmin","line":395,"loc":{"start":{"line":395,"column":4},"end":{"line":411,"column":4}}},"20":{"name":"transferOwnership","line":417,"loc":{"start":{"line":417,"column":4},"end":{"line":432,"column":4}}},"21":{"name":"getInvestFeePercentage","line":438,"loc":{"start":{"line":438,"column":4},"end":{"line":440,"column":4}}},"22":{"name":"getDivestFeePercentage","line":446,"loc":{"start":{"line":446,"column":4},"end":{"line":448,"column":4}}},"23":{"name":"getRagequitFeePercentage","line":454,"loc":{"start":{"line":454,"column":4},"end":{"line":456,"column":4}}},"24":{"name":"getDistributionPercentages","line":463,"loc":{"start":{"line":463,"column":4},"end":{"line":468,"column":4}}},"25":{"name":"recoverStuckFees","line":475,"loc":{"start":{"line":475,"column":4},"end":{"line":503,"column":4}}},"26":{"name":"grantFeeCollectorRole","line":509,"loc":{"start":{"line":509,"column":4},"end":{"line":511,"column":4}}},"27":{"name":"revokeFeeCollectorRole","line":517,"loc":{"start":{"line":517,"column":4},"end":{"line":519,"column":4}}},"28":{"name":"_validateFeeProcessor","line":525,"loc":{"start":{"line":525,"column":4},"end":{"line":530,"column":4}}},"29":{"name":"_processTokenTransfers","line":539,"loc":{"start":{"line":539,"column":4},"end":{"line":581,"column":4}}}},"statementMap":{"1":{"start":{"line":56,"column":8},"end":{"line":56,"column":54}},"2":{"start":{"line":61,"column":8},"end":{"line":61,"column":80}},"3":{"start":{"line":70,"column":8},"end":{"line":70,"column":3485}},"4":{"start":{"line":92,"column":8},"end":{"line":92,"column":4409}},"5":{"start":{"line":96,"column":8},"end":{"line":96,"column":4577}},"6":{"start":{"line":105,"column":8},"end":{"line":105,"column":49}},"7":{"start":{"line":106,"column":8},"end":{"line":106,"column":44}},"8":{"start":{"line":109,"column":8},"end":{"line":109,"column":5003}},"9":{"start":{"line":110,"column":12},"end":{"line":110,"column":49}},"10":{"start":{"line":114,"column":8},"end":{"line":114,"column":48}},"11":{"start":{"line":115,"column":8},"end":{"line":115,"column":57}},"12":{"start":{"line":118,"column":8},"end":{"line":118,"column":52}},"13":{"start":{"line":119,"column":8},"end":{"line":119,"column":51}},"14":{"start":{"line":142,"column":8},"end":{"line":142,"column":53}},"15":{"start":{"line":151,"column":8},"end":{"line":151,"column":53}},"16":{"start":{"line":160,"column":8},"end":{"line":160,"column":55}},"17":{"start":{"line":168,"column":8},"end":{"line":168,"column":58}},"18":{"start":{"line":170,"column":8},"end":{"line":170,"column":45}},"19":{"start":{"line":179,"column":8},"end":{"line":179,"column":58}},"20":{"start":{"line":189,"column":8},"end":{"line":189,"column":64}},"21":{"start":{"line":192,"column":8},"end":{"line":192,"column":36}},"22":{"start":{"line":192,"column":28},"end":{"line":192,"column":36}},"23":{"start":{"line":195,"column":8},"end":{"line":195,"column":34}},"24":{"start":{"line":198,"column":8},"end":{"line":198,"column":35}},"25":{"start":{"line":201,"column":8},"end":{"line":201,"column":68}},"26":{"start":{"line":202,"column":8},"end":{"line":202,"column":68}},"27":{"start":{"line":205,"column":8},"end":{"line":205,"column":71}},"28":{"start":{"line":208,"column":8},"end":{"line":208,"column":77}},"29":{"start":{"line":210,"column":8},"end":{"line":210,"column":24}},"30":{"start":{"line":220,"column":8},"end":{"line":220,"column":64}},"31":{"start":{"line":223,"column":8},"end":{"line":223,"column":36}},"32":{"start":{"line":223,"column":28},"end":{"line":223,"column":36}},"33":{"start":{"line":226,"column":8},"end":{"line":226,"column":34}},"34":{"start":{"line":229,"column":8},"end":{"line":229,"column":35}},"35":{"start":{"line":232,"column":8},"end":{"line":232,"column":68}},"36":{"start":{"line":233,"column":8},"end":{"line":233,"column":68}},"37":{"start":{"line":236,"column":8},"end":{"line":236,"column":71}},"38":{"start":{"line":239,"column":8},"end":{"line":239,"column":77}},"39":{"start":{"line":241,"column":8},"end":{"line":241,"column":24}},"40":{"start":{"line":251,"column":8},"end":{"line":251,"column":66}},"41":{"start":{"line":254,"column":8},"end":{"line":254,"column":36}},"42":{"start":{"line":254,"column":28},"end":{"line":254,"column":36}},"43":{"start":{"line":257,"column":8},"end":{"line":257,"column":34}},"44":{"start":{"line":260,"column":8},"end":{"line":260,"column":35}},"45":{"start":{"line":263,"column":8},"end":{"line":263,"column":68}},"46":{"start":{"line":264,"column":8},"end":{"line":264,"column":68}},"47":{"start":{"line":267,"column":8},"end":{"line":267,"column":71}},"48":{"start":{"line":270,"column":8},"end":{"line":270,"column":79}},"49":{"start":{"line":272,"column":8},"end":{"line":272,"column":24}},"50":{"start":{"line":305,"column":8},"end":{"line":305,"column":65}},"51":{"start":{"line":307,"column":8},"end":{"line":307,"column":51}},"52":{"start":{"line":310,"column":8},"end":{"line":310,"column":73}},"53":{"start":{"line":318,"column":8},"end":{"line":318,"column":65}},"54":{"start":{"line":320,"column":8},"end":{"line":320,"column":51}},"55":{"start":{"line":323,"column":8},"end":{"line":323,"column":73}},"56":{"start":{"line":331,"column":8},"end":{"line":331,"column":65}},"57":{"start":{"line":333,"column":8},"end":{"line":333,"column":53}},"58":{"start":{"line":336,"column":8},"end":{"line":336,"column":75}},"59":{"start":{"line":348,"column":8},"end":{"line":348,"column":14877}},"60":{"start":{"line":354,"column":8},"end":{"line":354,"column":87}},"61":{"start":{"line":362,"column":8},"end":{"line":362,"column":60}},"62":{"start":{"line":364,"column":8},"end":{"line":364,"column":38}},"63":{"start":{"line":368,"column":8},"end":{"line":368,"column":51}},"64":{"start":{"line":369,"column":8},"end":{"line":369,"column":51}},"65":{"start":{"line":371,"column":8},"end":{"line":371,"column":55}},"66":{"start":{"line":379,"column":8},"end":{"line":379,"column":69}},"67":{"start":{"line":381,"column":8},"end":{"line":381,"column":50}},"68":{"start":{"line":385,"column":8},"end":{"line":385,"column":54}},"69":{"start":{"line":386,"column":8},"end":{"line":386,"column":60}},"70":{"start":{"line":388,"column":8},"end":{"line":388,"column":76}},"71":{"start":{"line":396,"column":8},"end":{"line":396,"column":60}},"72":{"start":{"line":398,"column":8},"end":{"line":398,"column":38}},"73":{"start":{"line":402,"column":8},"end":{"line":402,"column":16909}},"74":{"start":{"line":403,"column":12},"end":{"line":403,"column":51}},"75":{"start":{"line":404,"column":12},"end":{"line":404,"column":58}},"76":{"start":{"line":407,"column":8},"end":{"line":407,"column":47}},"77":{"start":{"line":408,"column":8},"end":{"line":408,"column":54}},"78":{"start":{"line":410,"column":8},"end":{"line":410,"column":55}},"79":{"start":{"line":418,"column":8},"end":{"line":418,"column":57}},"80":{"start":{"line":420,"column":8},"end":{"line":420,"column":32}},"81":{"start":{"line":424,"column":8},"end":{"line":424,"column":48}},"82":{"start":{"line":425,"column":8},"end":{"line":425,"column":48}},"83":{"start":{"line":428,"column":8},"end":{"line":428,"column":44}},"84":{"start":{"line":429,"column":8},"end":{"line":429,"column":51}},"85":{"start":{"line":431,"column":8},"end":{"line":431,"column":54}},"86":{"start":{"line":439,"column":8},"end":{"line":439,"column":34}},"87":{"start":{"line":447,"column":8},"end":{"line":447,"column":34}},"88":{"start":{"line":455,"column":8},"end":{"line":455,"column":36}},"89":{"start":{"line":467,"column":8},"end":{"line":467,"column":57}},"90":{"start":{"line":476,"column":8},"end":{"line":476,"column":53}},"91":{"start":{"line":478,"column":8},"end":{"line":478,"column":44}},"92":{"start":{"line":479,"column":8},"end":{"line":479,"column":64}},"93":{"start":{"line":481,"column":8},"end":{"line":481,"column":50}},"94":{"start":{"line":484,"column":8},"end":{"line":484,"column":41}},"95":{"start":{"line":487,"column":8},"end":{"line":487,"column":20}},"96":{"start":{"line":488,"column":8},"end":{"line":488,"column":19985}},"97":{"start":{"line":490,"column":12},"end":{"line":490,"column":77}},"98":{"start":{"line":497,"column":8},"end":{"line":497,"column":46}},"99":{"start":{"line":500,"column":8},"end":{"line":500,"column":81}},"100":{"start":{"line":502,"column":8},"end":{"line":502,"column":30}},"101":{"start":{"line":510,"column":8},"end":{"line":510,"column":46}},"102":{"start":{"line":518,"column":8},"end":{"line":518,"column":47}},"103":{"start":{"line":527,"column":8},"end":{"line":527,"column":21471}},"104":{"start":{"line":545,"column":8},"end":{"line":545,"column":44}},"105":{"start":{"line":549,"column":8},"end":{"line":549,"column":72}},"106":{"start":{"line":550,"column":8},"end":{"line":550,"column":71}},"107":{"start":{"line":553,"column":8},"end":{"line":553,"column":27}},"108":{"start":{"line":555,"column":8},"end":{"line":555,"column":22611}},"109":{"start":{"line":558,"column":12},"end":{"line":558,"column":73}},"110":{"start":{"line":561,"column":12},"end":{"line":561,"column":23003}},"111":{"start":{"line":565,"column":12},"end":{"line":565,"column":23172}},"112":{"start":{"line":570,"column":12},"end":{"line":570,"column":23407}},"113":{"start":{"line":574,"column":12},"end":{"line":574,"column":23559}},"114":{"start":{"line":580,"column":8},"end":{"line":580,"column":46}}},"branchMap":{"1":{"line":56,"type":"if","locations":[{"start":{"line":56,"column":8},"end":{"line":56,"column":8}},{"start":{"line":56,"column":8},"end":{"line":56,"column":8}}]},"2":{"line":61,"type":"if","locations":[{"start":{"line":61,"column":8},"end":{"line":61,"column":8}},{"start":{"line":61,"column":8},"end":{"line":61,"column":8}}]},"3":{"line":70,"type":"if","locations":[{"start":{"line":70,"column":8},"end":{"line":70,"column":8}},{"start":{"line":70,"column":8},"end":{"line":70,"column":8}}]},"4":{"line":70,"type":"cond-expr","locations":[{"start":{"line":70,"column":12},"end":{"line":70,"column":36}},{"start":{"line":70,"column":41},"end":{"line":70,"column":68}}]},"5":{"line":92,"type":"if","locations":[{"start":{"line":92,"column":8},"end":{"line":92,"column":8}},{"start":{"line":92,"column":8},"end":{"line":92,"column":8}}]},"6":{"line":92,"type":"cond-expr","locations":[{"start":{"line":92,"column":12},"end":{"line":92,"column":34}},{"start":{"line":93,"column":12},"end":{"line":93,"column":34}}]},"7":{"line":92,"type":"cond-expr","locations":[{"start":{"line":92,"column":12},"end":{"line":93,"column":34}},{"start":{"line":94,"column":12},"end":{"line":94,"column":43}}]},"8":{"line":96,"type":"if","locations":[{"start":{"line":96,"column":8},"end":{"line":96,"column":8}},{"start":{"line":96,"column":8},"end":{"line":96,"column":8}}]},"9":{"line":96,"type":"cond-expr","locations":[{"start":{"line":96,"column":12},"end":{"line":96,"column":39}},{"start":{"line":97,"column":12},"end":{"line":97,"column":39}}]},"10":{"line":96,"type":"cond-expr","locations":[{"start":{"line":96,"column":12},"end":{"line":97,"column":39}},{"start":{"line":98,"column":12},"end":{"line":98,"column":41}}]},"11":{"line":109,"type":"if","locations":[{"start":{"line":109,"column":8},"end":{"line":109,"column":8}},{"start":{"line":109,"column":8},"end":{"line":109,"column":8}}]},"12":{"line":167,"type":"if","locations":[{"start":{"line":167,"column":63},"end":{"line":167,"column":63}},{"start":{"line":167,"column":63},"end":{"line":167,"column":63}}]},"13":{"line":168,"type":"if","locations":[{"start":{"line":168,"column":8},"end":{"line":168,"column":8}},{"start":{"line":168,"column":8},"end":{"line":168,"column":8}}]},"14":{"line":177,"type":"if","locations":[{"start":{"line":177,"column":72},"end":{"line":177,"column":72}},{"start":{"line":177,"column":72},"end":{"line":177,"column":72}}]},"15":{"line":187,"type":"if","locations":[{"start":{"line":187,"column":82},"end":{"line":187,"column":82}},{"start":{"line":187,"column":82},"end":{"line":187,"column":82}}]},"16":{"line":192,"type":"if","locations":[{"start":{"line":192,"column":8},"end":{"line":192,"column":8}},{"start":{"line":192,"column":8},"end":{"line":192,"column":8}}]},"17":{"line":218,"type":"if","locations":[{"start":{"line":218,"column":82},"end":{"line":218,"column":82}},{"start":{"line":218,"column":82},"end":{"line":218,"column":82}}]},"18":{"line":223,"type":"if","locations":[{"start":{"line":223,"column":8},"end":{"line":223,"column":8}},{"start":{"line":223,"column":8},"end":{"line":223,"column":8}}]},"19":{"line":249,"type":"if","locations":[{"start":{"line":249,"column":84},"end":{"line":249,"column":84}},{"start":{"line":249,"column":84},"end":{"line":249,"column":84}}]},"20":{"line":254,"type":"if","locations":[{"start":{"line":254,"column":8},"end":{"line":254,"column":8}},{"start":{"line":254,"column":8},"end":{"line":254,"column":8}}]},"21":{"line":304,"type":"if","locations":[{"start":{"line":304,"column":72},"end":{"line":304,"column":72}},{"start":{"line":304,"column":72},"end":{"line":304,"column":72}}]},"22":{"line":305,"type":"if","locations":[{"start":{"line":305,"column":8},"end":{"line":305,"column":8}},{"start":{"line":305,"column":8},"end":{"line":305,"column":8}}]},"23":{"line":317,"type":"if","locations":[{"start":{"line":317,"column":72},"end":{"line":317,"column":72}},{"start":{"line":317,"column":72},"end":{"line":317,"column":72}}]},"24":{"line":318,"type":"if","locations":[{"start":{"line":318,"column":8},"end":{"line":318,"column":8}},{"start":{"line":318,"column":8},"end":{"line":318,"column":8}}]},"25":{"line":330,"type":"if","locations":[{"start":{"line":330,"column":74},"end":{"line":330,"column":74}},{"start":{"line":330,"column":74},"end":{"line":330,"column":74}}]},"26":{"line":331,"type":"if","locations":[{"start":{"line":331,"column":8},"end":{"line":331,"column":8}},{"start":{"line":331,"column":8},"end":{"line":331,"column":8}}]},"27":{"line":347,"type":"if","locations":[{"start":{"line":347,"column":15},"end":{"line":347,"column":15}},{"start":{"line":347,"column":15},"end":{"line":347,"column":15}}]},"28":{"line":348,"type":"if","locations":[{"start":{"line":348,"column":8},"end":{"line":348,"column":8}},{"start":{"line":348,"column":8},"end":{"line":348,"column":8}}]},"29":{"line":361,"type":"if","locations":[{"start":{"line":361,"column":59},"end":{"line":361,"column":59}},{"start":{"line":361,"column":59},"end":{"line":361,"column":59}}]},"30":{"line":361,"type":"if","locations":[{"start":{"line":361,"column":69},"end":{"line":361,"column":69}},{"start":{"line":361,"column":69},"end":{"line":361,"column":69}}]},"31":{"line":362,"type":"if","locations":[{"start":{"line":362,"column":8},"end":{"line":362,"column":8}},{"start":{"line":362,"column":8},"end":{"line":362,"column":8}}]},"32":{"line":378,"type":"if","locations":[{"start":{"line":378,"column":77},"end":{"line":378,"column":77}},{"start":{"line":378,"column":77},"end":{"line":378,"column":77}}]},"33":{"line":378,"type":"if","locations":[{"start":{"line":378,"column":87},"end":{"line":378,"column":87}},{"start":{"line":378,"column":87},"end":{"line":378,"column":87}}]},"34":{"line":379,"type":"if","locations":[{"start":{"line":379,"column":8},"end":{"line":379,"column":8}},{"start":{"line":379,"column":8},"end":{"line":379,"column":8}}]},"35":{"line":395,"type":"if","locations":[{"start":{"line":395,"column":59},"end":{"line":395,"column":59}},{"start":{"line":395,"column":59},"end":{"line":395,"column":59}}]},"36":{"line":396,"type":"if","locations":[{"start":{"line":396,"column":8},"end":{"line":396,"column":8}},{"start":{"line":396,"column":8},"end":{"line":396,"column":8}}]},"37":{"line":402,"type":"if","locations":[{"start":{"line":402,"column":8},"end":{"line":402,"column":8}},{"start":{"line":402,"column":8},"end":{"line":402,"column":8}}]},"38":{"line":417,"type":"if","locations":[{"start":{"line":417,"column":59},"end":{"line":417,"column":59}},{"start":{"line":417,"column":59},"end":{"line":417,"column":59}}]},"39":{"line":418,"type":"if","locations":[{"start":{"line":418,"column":8},"end":{"line":418,"column":8}},{"start":{"line":418,"column":8},"end":{"line":418,"column":8}}]},"40":{"line":475,"type":"if","locations":[{"start":{"line":475,"column":54},"end":{"line":475,"column":54}},{"start":{"line":475,"column":54},"end":{"line":475,"column":54}}]},"41":{"line":475,"type":"if","locations":[{"start":{"line":475,"column":67},"end":{"line":475,"column":67}},{"start":{"line":475,"column":67},"end":{"line":475,"column":67}}]},"42":{"line":476,"type":"if","locations":[{"start":{"line":476,"column":8},"end":{"line":476,"column":8}},{"start":{"line":476,"column":8},"end":{"line":476,"column":8}}]},"43":{"line":481,"type":"if","locations":[{"start":{"line":481,"column":8},"end":{"line":481,"column":8}},{"start":{"line":481,"column":8},"end":{"line":481,"column":8}}]},"44":{"line":488,"type":"if","locations":[{"start":{"line":488,"column":8},"end":{"line":488,"column":8}},{"start":{"line":488,"column":8},"end":{"line":488,"column":8}}]},"45":{"line":497,"type":"if","locations":[{"start":{"line":497,"column":8},"end":{"line":497,"column":8}},{"start":{"line":497,"column":8},"end":{"line":497,"column":8}}]},"46":{"line":509,"type":"if","locations":[{"start":{"line":509,"column":61},"end":{"line":509,"column":61}},{"start":{"line":509,"column":61},"end":{"line":509,"column":61}}]},"47":{"line":517,"type":"if","locations":[{"start":{"line":517,"column":62},"end":{"line":517,"column":62}},{"start":{"line":517,"column":62},"end":{"line":517,"column":62}}]},"48":{"line":527,"type":"if","locations":[{"start":{"line":527,"column":8},"end":{"line":527,"column":8}},{"start":{"line":527,"column":8},"end":{"line":527,"column":8}}]},"49":{"line":550,"type":"if","locations":[{"start":{"line":550,"column":8},"end":{"line":550,"column":8}},{"start":{"line
[...]
,"162":0,"163":0,"167":0,"168":0,"169":0,"173":0,"174":0,"175":0,"176":0,"181":0,"182":0,"183":0,"184":0,"185":0,"186":0,"187":0,"188":0,"190":0,"192":0,"193":0,"203":0,"204":0,"207":0,"208":0,"209":0,"210":0,"213":0,"215":0,"216":0,"219":0,"223":0,"224":0,"226":0,"236":0,"247":0,"248":0,"249":0,"250":0,"252":0,"254":0,"257":0,"258":0,"259":0,"260":0,"261":0,"263":0,"264":0,"275":0,"284":0,"293":0,"302":0},"path":"/Users/apple/Downloads/windsurf-dloop/contracts/token/DLoopToken.sol","s":{"1":0,"2":0,"3":0,"4":0,"5":0,"6":0,"7":0,"8":0,"9":0,"10":0,"11":0,"12":0,"13":0,"14":0,"15":0,"16":0,"17":0,"18":0,"19":0,"20":0,"21":0,"22":0,"23":0,"24":0,"25":0,"26":0,"27":0,"28":0,"29":0,"30":0,"31":0,"32":0,"33":0,"34":0,"35":0,"36":0,"37":0,"38":0,"39":0,"40":0,"41":0,"42":0,"43":0,"44":0,"45":0,"46":0,"47":0,"48":0,"49":0,"50":0,"51":0,"52":0,"53":0,"54":0,"55":0,"56":0,"57":0,"58":0},"b":{"1":[0,0],"2":[0,0],"3":[0,0],"4":[0,0],"5":[0,0],"6":[0,0],"7":[0,0],"8":[0,0],"9":[0,0],"10":[0,0],"11":[0,0],"12":[0,0],"13":[0,0],"14":[0,0],"15":[0,0],"16":[0,0],"17":[0,0],"18":[0,0],"19":[0,0],"20":[0,0],"21":[0,0]},"f":{"1":0,"2":0,"3":0,"4":0,"5":0,"6":0,"7":0,"8":0,"9":0,"10":0,"11":0,"12":0,"13":0,"14":0,"15":0,"16":0,"17":0,"18":0},"fnMap":{"1":{"name":"constructor","line":75,"loc":{"start":{"line":68,"column":4},"end":{"line":96,"column":4}}},"2":{"name":"mint","line":103,"loc":{"start":{"line":103,"column":4},"end":{"line":108,"column":4}}},"3":{"name":"burn","line":114,"loc":{"start":{"line":114,"column":4},"end":{"line":120,"column":4}}},"4":{"name":"pause","line":125,"loc":{"start":{"line":125,"column":4},"end":{"line":127,"column":4}}},"5":{"name":"unpause","line":132,"loc":{"start":{"line":132,"column":4},"end":{"line":134,"column":4}}},"6":{"name":"_update","line":139,"loc":{"start":{"line":139,"column":4},"end":{"line":145,"column":4}}},"7":{"name":"decimals","line":150,"loc":{"start":{"line":150,"column":4},"end":{"line":152,"column":4}}},"8":{"name":"delegateTokens","line":159,"loc":{"start":{"line":159,"column":4},"end":{"line":164,"column":4}}},"9":{"name":"_validateDelegationInput","line":166,"loc":{"start":{"line":166,"column":4},"end":{"line":170,"column":4}}},"10":{"name":"_checkDelegationBalance","line":172,"loc":{"start":{"line":172,"column":4},"end":{"line":178,"column":4}}},"11":{"name":"_updateDelegation","line":180,"loc":{"start":{"line":180,"column":4},"end":{"line":194,"column":4}}},"12":{"name":"withdrawDelegation","line":201,"loc":{"start":{"line":201,"column":4},"end":{"line":227,"column":4}}},"13":{"name":"getDelegatedAmount","line":235,"loc":{"start":{"line":235,"column":4},"end":{"line":237,"column":4}}},"14":{"name":"_removeDelegationRelationship","line":245,"loc":{"start":{"line":245,"column":4},"end":{"line":267,"column":4}}},"15":{"name":"getTotalDelegatedAmount","line":274,"loc":{"start":{"line":274,"column":4},"end":{"line":276,"column":4}}},"16":{"name":"getTotalDelegatedToAmount","line":283,"loc":{"start":{"line":283,"column":4},"end":{"line":285,"column":4}}},"17":{"name":"getDelegators","line":292,"loc":{"start":{"line":292,"column":4},"end":{"line":294,"column":4}}},"18":{"name":"getDelegatees","line":301,"loc":{"start":{"line":301,"column":4},"end":{"line":303,"column":4}}}},"statementMap":{"1":{"start":{"line":76,"column":8},"end":{"line":76,"column":101}},"2":{"start":{"line":77,"column":8},"end":{"line":77,"column":53}},"3":{"start":{"line":83,"column":8},"end":{"line":83,"column":49}},"4":{"start":{"line":84,"column":8},"end":{"line":84,"column":42}},"5":{"start":{"line":85,"column":8},"end":{"line":85,"column":42}},"6":{"start":{"line":88,"column":8},"end":{"line":88,"column":3929}},"7":{"start":{"line":89,"column":12},"end":{"line":89,"column":48}},"8":{"start":{"line":90,"column":12},"end":{"line":90,"column":41}},"9":{"start":{"line":91,"column":12},"end":{"line":91,"column":41}},"10":{"start":{"line":95,"column":8},"end":{"line":95,"column":39}},"11":{"start":{"line":105,"column":8},"end":{"line":105,"column":45}},"12":{"start":{"line":106,"column":8},"end":{"line":106,"column":107}},"13":{"start":{"line":107,"column":8},"end":{"line":107,"column":24}},"14":{"start":{"line":115,"column":8},"end":{"line":115,"column":70}},"15":{"start":{"line":116,"column":8},"end":{"line":116,"column":4937}},"16":{"start":{"line":119,"column":8},"end":{"line":119,"column":24}},"17":{"start":{"line":126,"column":8},"end":{"line":126,"column":15}},"18":{"start":{"line":133,"column":8},"end":{"line":133,"column":17}},"19":{"start":{"line":144,"column":8},"end":{"line":144,"column":38}},"20":{"start":{"line":151,"column":8},"end":{"line":151,"column":24}},"21":{"start":{"line":160,"column":8},"end":{"line":160,"column":50}},"22":{"start":{"line":161,"column":8},"end":{"line":161,"column":50}},"23":{"start":{"line":162,"column":8},"end":{"line":162,"column":55}},"24":{"start":{"line":163,"column":8},"end":{"line":163,"column":59}},"25":{"start":{"line":167,"column":8},"end":{"line":167,"column":57}},"26":{"start":{"line":168,"column":8},"end":{"line":168,"column":66}},"27":{"start":{"line":169,"column":8},"end":{"line":169,"column":61}},"28":{"start":{"line":173,"column":8},"end":{"line":173,"column":46}},"29":{"start":{"line":174,"column":8},"end":{"line":174,"column":68}},"30":{"start":{"line":175,"column":8},"end":{"line":175,"column":6859}},"31":{"start":{"line":181,"column":8},"end":{"line":181,"column":75}},"32":{"start":{"line":182,"column":8},"end":{"line":182,"column":47}},"33":{"start":{"line":183,"column":8},"end":{"line":183,"column":7232}},"34":{"start":{"line":184,"column":12},"end":{"line":184,"column":85}},"35":{"start":{"line":185,"column":12},"end":{"line":185,"column":61}},"36":{"start":{"line":186,"column":12},"end":{"line":186,"column":61}},"37":{"start":{"line":203,"column":8},"end":{"line":203,"column":57}},"38":{"start":{"line":204,"column":8},"end":{"line":204,"column":61}},"39":{"start":{"line":207,"column":8},"end":{"line":207,"column":76}},"40":{"start":{"line":208,"column":8},"end":{"line":208,"column":45}},"41":{"start":{"line":209,"column":8},"end":{"line":209,"column":65}},"42":{"start":{"line":210,"column":8},"end":{"line":210,"column":97}},"43":{"start":{"line":213,"column":8},"end":{"line":213,"column":8589}},"44":{"start":{"line":215,"column":12},"end":{"line":215,"column":75}},"45":{"start":{"line":226,"column":8},"end":{"line":226,"column":63}},"46":{"start":{"line":236,"column":8},"end":{"line":236,"column":59}},"47":{"start":{"line":247,"column":8},"end":{"line":247,"column":73}},"48":{"start":{"line":248,"column":8},"end":{"line":248,"column":10206}},"49":{"start":{"line":249,"column":12},"end":{"line":249,"column":81}},"50":{"start":{"line":254,"column":8},"end":{"line":254,"column":47}},"51":{"start":{"line":257,"column":8},"end":{"line":257,"column":10696}},"52":{"start":{"line":258,"column":12},"end":{"line":258,"column":10786}},"53":{"start":{"line":260,"column":16},"end":{"line":260,"column":10939}},"54":{"start":{"line":263,"column":16},"end":{"line":263,"column":55}},"55":{"start":{"line":275,"column":8},"end":{"line":275,"column":50}},"56":{"start":{"line":284,"column":8},"end":{"line":284,"column":50}},"57":{"start":{"line":293,"column":8},"end":{"line":293,"column":49}},"58":{"start":{"line":302,"column":8},"end":{"line":302,"column":49}}},"branchMap":{"1":{"line":76,"type":"if","locations":[{"start":{"line":76,"column":8},"end":{"line":76,"column":8}},{"start":{"line":76,"column":8},"end":{"line":76,"column":8}}]},"2":{"line":77,"type":"if","locations":[{"start":{"line":77,"column":8},"end":{"line":77,"column":8}},{"start":{"line":77,"column":8},"end":{"line":77,"column":8}}]},"3":{"line":88,"type":"if","locations":[{"start":{"line":88,"column":8},"end":{"line":88,"column":8}},{"start":{"line":88,"column":8},"end":{"line":88,"column":8}}]},"4":{"line":103,"type":"if","locations":[{"start":{"line":103,"column":55},"end":{"line":103,"column":55}},{"start":{"line":103,"column":55},"end":{"line":103,"column":55}}]},"5":{"line":106,"type":"if","locations":[{"start":{"line":106,"column":8},"end":{"line":106,"column":8}},{"start":{"line":106,"column":8},"end":{"line":106,"column":8}}]},"6":{"line":116,"type":"if","locations":[{"start":{"line":116,"column":8},"end":{"line":116,"column":8}},{"start":{"line":116,"column":8},"end":{"line":116,"column":8}}]},"7":{"line":125,"type":"if","locations":[{"start":{"line":125,"column":30},"end":{"line":125,"column":30}},{"start":{"line":125,"column":30},"end":{"line":125,"column":30}}]},"8":{"line":132,"type":"if","locations":[{"start":{"line":132,"column":32},"end":{"line":132,"column":32}},{"start":{"line":132,"column":32},"end":{"line":132,"column":32}}]},"9":{"line":167,"type":"if","locations":[{"start":{"line":167,"column":8},"end":{"line":167,"column":8}},{"start":{"line":167,"column":8},"end":{"line":167,"column":8}}]},"10":{"line":168,"type":"if","locations":[{"start":{"line":168,"column":8},"end":{"line":168,"column":8}},{"start":{"line":168,"column":8},"end":{"line":168,"column":8}}]},"11":{"line":169,"type":"if","locations":[{"start":{"line":169,"column":8},"end":{"line":169,"column":8}},{"start":{"line":169,"column":8},"end":{"line":169,"column":8}}]},"12":{"line":175,"type":"if","locations":[{"start":{"line":175,"column":8},"end":{"line":175,"column":8}},{"start":{"line":175,"column":8},"end":{"line":175,"column":8}}]},"13":{"line":183,"type":"if","locations":[{"start":{"line":183,"column":8},"end":{"line":183,"column":8}},{"start":{"line":183,"column":8},"end":{"line":183,"column":8}}]},"14":{"line":203,"type":"if","locations":[{"start":{"line":203,"column":8},"end":{"line":203,"column":8}},{"start":{"line":203,"column":8},"end":{"line":203,"column":8}}]},"15":{"line":204,"type":"if","locations":[{"start":{"line":204,"column":8},"end":{"line":204,"column":8}},{"start":{"line":204,"column":8},"end":{"line":204,"column":8}}]},"16":{"line":209,"type":"if","locations":[{"start":{"line":209,"column":8},"end":{"line":209,"column":8}},{"start":{"line":209,"column":8},"end":{"line":209,"column":8}}]},"17":{"line":210,"type":"if","locations":[{"start":{"line":210,"column":8},"end":{"line":210,"column":8}},{"start":{"line":210,"column":8},"end":{"line":210,"column":8}}]},"18":{"line":213,"type":"if","locations":[{"start":{"line":213,"column":8},"end":{"line":213,"column":8}},{"start":{"line":213,"column":8},"end":{"line":213,"column":8}}]},"19":{"line":248,"type":"if","locations":[{"start":{"line":248,"column":8},"end":{"line":248,"column":8}},{"start":{"line":248,"column":8},"end":{"line":248,"column":8}}]},"20":{"line":258,"type":"if","locations":[{"start":{"line":258,"column":12},"end":{"line":258,"column":12}},{"start":{"line":258,"column":12},"end":{"line":258,"column":12}}]},"21":{"line":260,"type":"if","locations":[{"start":{"line":260,"column":16},"end":{"line":260,"column":16}},{"start":{"line":260,"column":16},"end":{"line":260,"column":16}}]}}},"contracts/token/TokenOptimizer.sol":{"l":{"23":0,"25":0,"26":0,"35":0,"43":0},"path":"/Users/apple/Downloads/windsurf-dloop/contracts/token/TokenOptimizer.sol","s":{"1":0,"2":0,"3":0,"4":0,"5":0},"b":{"1":[0,0]},"f":{"1":0,"2":0,"3":0},"fnMap":{"1":{"name":"batchTransfer","line":18,"loc":{"start":{"line":18,"column":4},"end":{"line":28,"column":4}}},"2":{"name":"delegateTokens","line":30,"loc":{"start":{"line":30,"column":4},"end":{"line":36,"column":4}}},"3":{"name":"withdrawDelegation","line":38,"loc":{"start":{"line":38,"column":4},"end":{"line":44,"column":4}}}},"statementMap":{"1":{"start":{"line":23,"column":8},"end":{"line":23,"column":105}},"2":{"start":{"line":25,"column":8},"end":{"line":25,"column":734}},"3":{"start":{"line":26,"column":12},"end":{"line":26,"column":72}},"4":{"start":{"line":35,"column":8},"end":{"line":35,"column":60}},"5":{"start":{"line":43,"column":8},"end":{"line":43,"column":60}}},"branchMap":{"1":{"line":23,"type":"if","locations":[{"start":{"line":23,"column":8},"end":{"line":23,"column":8}},{"start":{"line":23,"column":8},"end":{"line":23,"column":8}}]}}},"contracts/utils/Errors.sol":{"l":{},"path":"/Users/apple/Downloads/windsurf-dloop/contracts/utils/Errors.sol","s":{},"b":{},"f":{},"fnMap":{},"statementMap":{},"branchMap":{}},"contracts/utils/TokenApprovalOptimizer.sol":{"l":{"56":0,"57":0,"58":0,"59":0,"60":0,"62":0,"63":0,"72":0,"73":0,"74":0,"91":0,"92":0,"101":0,"110":0,"111":0,"112":0,"115":0,"116":0,"120":0,"122":0,"124":0,"128":0,"129":0,"132":0,"146":0,"147":0,"150":0,"153":0,"168":0,"169":0,"170":0,"173":0,"174":0,"177":0,"180":0,"182":0,"183":0},"path":"/Users/apple/Downloads/windsurf-dloop/contracts/utils/TokenApprovalOptimizer.sol","s":{"1":0,"2":0,"3":0,"4":0,"5":0,"6":0,"7":0,"8":0,"9":0,"10":0,"11":0,"12":0,"13":0,"14":0,"15":0,"16":0,"17":0,"18":0,"19":0,"20":0,"21":0,"22":0,"23":0,"24":0,"25":0,"26":0,"27":0,"28":0,"29":0,"30":0,"31":0,"32":0,"33":0,"34":0},"b":{"1":[0,0],"2":[0,0],"3":[0,0],"4":[0,0],"5":[0,0],"6":[0,0],"7":[0,0],"8":[0,0],"9":[0,0],"10":[0,0],"11":[0,0],"12":[0,0],"13":[0,0],"14":[0,0],"15":[0,0],"16":[0,0],"17":[0,0],"18":[0,0],"19":[0,0],"20":[0,0],"21":[0,0]},"f":{"1":0,"2":0,"3":0,"4":0,"5":0,"6":0,"7":0},"fnMap":{"1":{"name":"constructor","line":54,"loc":{"start":{"line":54,"column":4},"end":{"line":65,"column":4}}},"2":{"name":"setApprovalThreshold","line":71,"loc":{"start":{"line":71,"column":4},"end":{"line":75,"column":4}}},"3":{"name":"grantOptimizationRole","line":90,"loc":{"start":{"line":90,"column":4},"end":{"line":93,"column":4}}},"4":{"name":"revokeOptimizationRole","line":100,"loc":{"start":{"line":100,"column":4},"end":{"line":102,"column":4}}},"5":{"name":"optimizeApproval","line":109,"loc":{"start":{"line":104,"column":4},"end":{"line":133,"column":4}}},"6":{"name":"approve","line":145,"loc":{"start":{"line":141,"column":4},"end":{"line":154,"column":4}}},"7":{"name":"transferTokens","line":167,"loc":{"start":{"line":163,"column":4},"end":{"line":184,"column":4}}}},"statementMap":{"1":{"start":{"line":56,"column":8},"end":{"line":56,"column":49}},"2":{"start":{"line":57,"column":8},"end":{"line":57,"column":45}},"3":{"start":{"line":58,"column":8},"end":{"line":58,"column":44}},"4":{"start":{"line":59,"column":8},"end":{"line":59,"column":2570}},"5":{"start":{"line":62,"column":12},"end":{"line":62,"column":72}},"6":{"start":{"line":72,"column":8},"end":{"line":72,"column":95}},"7":{"start":{"line":74,"column":8},"end":{"line":74,"column":43}},"8":{"start":{"line":91,"column":8},"end":{"line":91,"column":32}},"9":{"start":{"line":92,"column":8},"end":{"line":92,"column":51}},"10":{"start":{"line":101,"column":8},"end":{"line":101,"column":33}},"11":{"start":{"line":110,"column":8},"end":{"line":110,"column":61}},"12":{"start":{"line":111,"column":8},"end":{"line":111,"column":61}},"13":{"start":{"line":112,"column":8},"end":{"line":112,"column":65}},"14":{"start":{"line":115,"column":8},"end":{"line":115,"column":44}},"15":{"start":{"line":116,"column":8},"end":{"line":116,"column":74}},"16":{"start":{"line":120,"column":8},"end":{"line":120,"column":4762}},"17":{"start":{"line":122,"column":12},"end":{"line":122,"column":4913}},"18":{"start":{"line":124,"column":16},"end":{"line":124,"column":64}},"19":{"start":{"line":128,"column":12},"end":{"line":128,"column":71}},"20":{"start":{"line":129,"column":12},"end":{"line":129,"column":64}},"21":{"start":{"line":132,"column":8},"end":{"line":132,"column":19}},"22":{"start":{"line":146,"column":8},"end":{"line":146,"column":61}},"23":{"start":{"line":147,"column":8},"end":{"line":147,"column":65}},"24":{"start":{"line":150,"column":8},"end":{"line":150,"column":44}},"25":{"start":{"line":153,"column":8},"end":{"line":153,"column":61}},"26":{"start":{"line":168,"column":8},"end":{"line":168,"column":61}},"27":{"start":{"line":169,"column":8},"end":{"line":169,"column":69}},"28":{"start":{"line":170,"column":8},"end":{"line":170,"column":55}},"29":{"start":{"line":173,"column":8},"end":{"line":173,"column":44}},"30":{"start":{"line":174,"column":8},"end":{"line":174,"column":72}},"31":{"start":{"line":177,"column":8},"end":{"line":177,"column":89}},"32":{"start":{"line":180,"column":8},"end":{"line":180,"column":52}},"33":{"start":{"line":182,"column":8},"end":{"line":182,"column":55}},"34":{"start":{"line":183,"column":8},"end":{"line":183,"column":19}}},"branchMap":{"1":{"line":59,"type":"if","locations":[{"start":{"line":59,"column":8},"end":{"line":59,"column":8}},{"start":{"line":59,"column":8},"end":{"line":59,"column":8}}]},"2":{"line":62,"type":"if","locations":[{"start":{"line":62,"column":12},"end":{"line":62,"column":12}},{"start":{"line":62,"column":12},"end":{"line":62,"column":12}}]},"3":{"line":71,"type":"if","locations":[{"start":{"line":71,"column":65},"end":{"line":71,"column":65}},{"start":{"line":71,"column":65},"end":{"line":71,"column":65}}]},"4":{"line":72,"type":"if","locations":[{"start":{"line":72,"column":8},"end":{"line":72,"column":8}},{"start":{"line":72,"column":8},"end":{"line":72,"column":8}}]},"5":{"line":72,"type":"cond-expr","locations":[{"start":{"line":72,"column":12},"end":{"line":72,"column":28}},{"start":{"line":72,"column":33},"end":{"line":72,"column":50}}]},"6":{"line":90,"type":"if","locations":[{"start":{"line":90,"column":75},"end":{"line":90,"column":75}},{"start":{"line":90,"column":75},"end":{"line":90,"column":75}}]},"7":{"line":100,"type":"if","locations":[{"start":{"line":100,"column":76},"end":{"line":100,"column":76}},{"start":{"line":100,"column":76},"end":{"line":100,"column":76}}]},"8":{"line":109,"type":"if","locations":[{"start":{"line":109,"column":15},"end":{"line":109,"column":15}},{"start":{"line":109,"column":15},"end":{"line":109,"column":15}}]},"9":{"line":110,"type":"if","locations":[{"start":{"line":110,"column":8},"end":{"line":110,"column":8}},{"start":{"line":110,"column":8},"end":{"line":110,"column":8}}]},"10":{"line":111,"type":"if","locations":[{"start":{"line":111,"column":8},"end":{"line":111,"column":8}},{"start":{"line":111,"column":8},"end":{"line":111,"column":8}}]},"11":{"line":112,"type":"if","locations":[{"start":{"line":112,"column":8},"end":{"line":112,"column":8}},{"start":{"line":112,"column":8},"end":{"line":112,"column":8}}]},"12":{"line":120,"type":"if","locations":[{"start":{"line":120,"column":8},"end":{"line":120,"column":8}},{"start":{"line":120,"column":8},"end":{"line":120,"column":8}}]},"13":{"line":122,"type":"if","locations":[{"start":{"line":122,"column":12},"end":{"line":122,"column":12}},{"start":{"line":122,"column":12},"end":{"line":122,"column":12}}]},"14":{"line":145,"type":"if","locations":[{"start":{"line":145,"column":15},"end":{"line":145,"column":15}},{"start":{"line":145,"column":15},"end":{"line":145,"column":15}}]},"15":{"line":146,"type":"if","locations":[{"start":{"line":146,"column":8},"end":{"line":146,"column":8}},{"start":{"line":146,"column":8},"end":{"line":146,"column":8}}]},"16":{"line":147,"type":"if","locations":[{"start":{"line":147,"column":8},"end":{"line":147,"column":8}},{"start":{"line":147,"column":8},"end":{"line":147,"column":8}}]},"17":{"line":167,"type":"if","locations":[{"start":{"line":167,"column":15},"end":{"line":167,"column":15}},{"start":{"line":167,"column":15},"end":{"line":167,"column":15}}]},"18":{"line":168,"type":"if","locations":[{"start":{"line":168,"column":8},"end":{"line":168,"column":8}},{"start":{"line":168,"column":8},"end":{"line":168,"column":8}}]},"19":{"line":169,"type":"if","locations":[{"start":{"line":169,"column":8},"end":{"line":169,"column":8}},{"start":{"line":169,"column":8},"end":{"line":169,"column":8}}]},"20":{"line":170,"type":"if","locations":[{"start":{"line":170,"column":8},"end":{"line":170,"column":8}},{"start":{"line":170,"column":8},"end":{"line":170,"column":8}}]},"21":{"line":177,"type":"if","locations":[{"start":{"line":177,"column":8},"end":{"line":177,"column":8}},{"start":{"line":177,"column":8},"end":{"line":177,"column":8}}]}}}}